This file contains any messages produced by compilers while
running configure, to aid debugging if configure makes a mistake.

It was created by configure, which was
generated by GNU Autoconf 2.64.  Invocation command line was

  $ /home/scf-34/sakhalka/PHP/httpd-2.2.22/srclib/apr-util/configure --disable-option-checking --prefix=/home/scf-34/sakhalka/PHP/httpd-2.2.22 --cache-file=/dev/null --srcdir=/home/scf-34/sakhalka/PHP/httpd-2.2.22/srclib/apr-util --with-apr=../apr --prefix=/home/scf-34/sakhalka/PHP/httpd-2.2.22 --exec-prefix=/home/scf-34/sakhalka/PHP/httpd-2.2.22 --libdir=${prefix}/lib --includedir=/home/scf-34/sakhalka/PHP/httpd-2.2.22/include --bindir=${prefix}/bin

## --------- ##
## Platform. ##
## --------- ##

hostname = cs-server.usc.edu
uname -m = sun4v
uname -r = 5.10
uname -s = SunOS
uname -v = Generic_120011-14

/usr/bin/uname -p = sparc
/bin/uname -X     = System = SunOS
Node = cs-server.usc.edu
Release = 5.10
KernelID = Generic_120011-14
Machine = sun4v
BusType = <unknown>
Serial = <unknown>
Users = <unknown>
OEM# = 0
Origin# = 1
NumCPU = 64

/bin/arch              = sun4
/usr/bin/arch -k       = sun4v
/usr/convex/getsysinfo = unknown
/usr/bin/hostinfo      = unknown
/bin/machine           = unknown
/usr/bin/oslevel       = unknown
/bin/universe          = unknown

PATH: /usr/usc/tex/7.4.5/bin
PATH: /usr/local/bin
PATH: /usr/usc/bin
PATH: /usr/usc/X/bin
PATH: /usr/spac/bin
PATH: /usr/oldtools
PATH: /usr/ucs/bin
PATH: /usr/openwin/bin
PATH: /usr/ucb
PATH: /usr/ccs/bin
PATH: /usr/lsd/bin
PATH: /usr/bin
PATH: /usr/openwin/bin
PATH: /usr/ccs/bin
PATH: /usr/sbin
PATH: .


## ----------- ##
## Core tests. ##
## ----------- ##

configure:2561: checking build system type
configure:2575: result: sparc-sun-solaris2.10
configure:2595: checking host system type
configure:2608: result: sparc-sun-solaris2.10
configure:2628: checking target system type
configure:2641: result: sparc-sun-solaris2.10
configure:2683: checking for a BSD-compatible install
configure:2751: result: build/install.sh -c
configure:2779: checking for working mkdir -p
configure:2795: result: yes
configure:2889: checking for chosen layout
configure:2891: result: apr-util
configure:3063: checking for gcc
configure:3079: found /usr/usc/bin/gcc
configure:3090: result: gcc
configure:3319: checking for C compiler version
configure:3328: gcc --version >&5
gcc (GCC) 4.2.1
Copyright (C) 2007 Free Software Foundation, Inc.
This is free software; see the source for copying conditions.  There is NO
warranty; not even for MERCHANTABILITY or FITNESS FOR A PARTICULAR PURPOSE.

configure:3339: $? = 0
configure:3328: gcc -v >&5
Reading specs from /auto/usc/gnu/gcc/4.2.1/bin/../lib/gcc/sparc-sun-solaris2.10/4.2.1/specs
Target: sparc-sun-solaris2.10
Configured with: ./configure --prefix=/usr/usc/gnu/gcc/4.2.1 --without-gnu-ld --with-ld=/usr/ccs/bin/ld --enable-languages=c,c++
Thread model: posix
gcc version 4.2.1
configure:3339: $? = 0
configure:3328: gcc -V >&5
gcc: '-V' option must have argument
configure:3339: $? = 1
configure:3328: gcc -qversion >&5
gcc: unrecognized option '-qversion'
gcc: no input files
configure:3339: $? = 1
configure:3361: checking for C compiler default output file name
configure:3383: gcc    conftest.c  >&5
configure:3387: $? = 0
configure:3424: result: a.out
configure:3440: checking whether the C compiler works
configure:3449: ./a.out
configure:3453: $? = 0
configure:3468: result: yes
configure:3475: checking whether we are cross compiling
configure:3477: result: no
configure:3480: checking for suffix of executables
configure:3487: gcc -o conftest    conftest.c  >&5
configure:3491: $? = 0
configure:3513: result: 
configure:3519: checking for suffix of object files
configure:3541: gcc -c   conftest.c >&5
configure:3545: $? = 0
configure:3566: result: o
configure:3570: checking whether we are using the GNU C compiler
configure:3589: gcc -c   conftest.c >&5
configure:3589: $? = 0
configure:3598: result: yes
configure:3607: checking whether gcc accepts -g
configure:3627: gcc -c -g  conftest.c >&5
configure:3627: $? = 0
configure:3668: result: yes
configure:3685: checking for gcc option to accept ISO C89
configure:3749: gcc  -c -g -O2  conftest.c >&5
configure:3749: $? = 0
configure:3762: result: none needed
configure:3835: checking for library containing fdatasync
configure:3866: gcc -o conftest -g -O2   conftest.c  >&5
Undefined			first referenced
 symbol  			    in file
fdatasync                           /var/tmp//ccY2Jw2W.o
ld: fatal: Symbol referencing errors. No output written to conftest
collect2: ld returned 1 exit status
configure:3866: $? = 1
configure: failed program was:
| /* confdefs.h */
| #define PACKAGE_NAME ""
| #define PACKAGE_TARNAME ""
| #define PACKAGE_VERSION ""
| #define PACKAGE_STRING ""
| #define PACKAGE_BUGREPORT ""
| #define PACKAGE_URL ""
| /* end confdefs.h.  */
| 
| /* Override any GCC internal prototype to avoid an error.
|    Use char because int might match the return type of a GCC
|    builtin and then its argument prototype would still apply.  */
| #ifdef __cplusplus
| extern "C"
| #endif
| char fdatasync ();
| int
| main ()
| {
| return fdatasync ();
|   ;
|   return 0;
| }
configure:3866: gcc -o conftest -g -O2   conftest.c -lrt   >&5
configure:3866: $? = 0
configure:3883: result: -lrt
configure:3939: checking for APR
configure:4018: result: yes
configure:4274: checking how to run the C preprocessor
configure:4344: result: gcc -E
configure:4364: gcc -E  -DSOLARIS2=10 -D_POSIX_PTHREAD_SEMANTICS -D_REENTRANT -D_LARGEFILE64_SOURCE conftest.c
configure:4364: $? = 0
configure:4378: gcc -E  -DSOLARIS2=10 -D_POSIX_PTHREAD_SEMANTICS -D_REENTRANT -D_LARGEFILE64_SOURCE conftest.c
conftest.c:9:28: error: ac_nonexistent.h: No such file or directory
configure:4378: $? = 1
configure: failed program was:
| /* confdefs.h */
| #define PACKAGE_NAME ""
| #define PACKAGE_TARNAME ""
| #define PACKAGE_VERSION ""
| #define PACKAGE_STRING ""
| #define PACKAGE_BUGREPORT ""
| #define PACKAGE_URL ""
| /* end confdefs.h.  */
| #include <ac_nonexistent.h>
configure:4407: checking for grep that handles long lines and -e
configure:4465: result: /usr/xpg4/bin/grep
configure:4470: checking for egrep
configure:4532: result: /usr/xpg4/bin/grep -E
configure:4537: checking for ANSI C header files
configure:4557: gcc -c -g -O2  -DSOLARIS2=10 -D_POSIX_PTHREAD_SEMANTICS -D_REENTRANT -D_LARGEFILE64_SOURCE conftest.c >&5
configure:4557: $? = 0
configure:4630: gcc -o conftest -g -O2  -DSOLARIS2=10 -D_POSIX_PTHREAD_SEMANTICS -D_REENTRANT -D_LARGEFILE64_SOURCE  conftest.c -lrt  >&5
configure:4630: $? = 0
configure:4630: ./conftest
configure:4630: $? = 0
configure:4641: result: yes
configure:4654: checking for sys/types.h
configure:4654: gcc -c -g -O2  -DSOLARIS2=10 -D_POSIX_PTHREAD_SEMANTICS -D_REENTRANT -D_LARGEFILE64_SOURCE conftest.c >&5
configure:4654: $? = 0
configure:4654: result: yes
configure:4654: checking for sys/stat.h
configure:4654: gcc -c -g -O2  -DSOLARIS2=10 -D_POSIX_PTHREAD_SEMANTICS -D_REENTRANT -D_LARGEFILE64_SOURCE conftest.c >&5
configure:4654: $? = 0
configure:4654: result: yes
configure:4654: checking for stdlib.h
configure:4654: gcc -c -g -O2  -DSOLARIS2=10 -D_POSIX_PTHREAD_SEMANTICS -D_REENTRANT -D_LARGEFILE64_SOURCE conftest.c >&5
configure:4654: $? = 0
configure:4654: result: yes
configure:4654: checking for string.h
configure:4654: gcc -c -g -O2  -DSOLARIS2=10 -D_POSIX_PTHREAD_SEMANTICS -D_REENTRANT -D_LARGEFILE64_SOURCE conftest.c >&5
configure:4654: $? = 0
configure:4654: result: yes
configure:4654: checking for memory.h
configure:4654: gcc -c -g -O2  -DSOLARIS2=10 -D_POSIX_PTHREAD_SEMANTICS -D_REENTRANT -D_LARGEFILE64_SOURCE conftest.c >&5
configure:4654: $? = 0
configure:4654: result: yes
configure:4654: checking for strings.h
configure:4654: gcc -c -g -O2  -DSOLARIS2=10 -D_POSIX_PTHREAD_SEMANTICS -D_REENTRANT -D_LARGEFILE64_SOURCE conftest.c >&5
configure:4654: $? = 0
configure:4654: result: yes
configure:4654: checking for inttypes.h
configure:4654: gcc -c -g -O2  -DSOLARIS2=10 -D_POSIX_PTHREAD_SEMANTICS -D_REENTRANT -D_LARGEFILE64_SOURCE conftest.c >&5
configure:4654: $? = 0
configure:4654: result: yes
configure:4654: checking for stdint.h
configure:4654: gcc -c -g -O2  -DSOLARIS2=10 -D_POSIX_PTHREAD_SEMANTICS -D_REENTRANT -D_LARGEFILE64_SOURCE conftest.c >&5
configure:4654: $? = 0
configure:4654: result: yes
configure:4654: checking for unistd.h
configure:4654: gcc -c -g -O2  -DSOLARIS2=10 -D_POSIX_PTHREAD_SEMANTICS -D_REENTRANT -D_LARGEFILE64_SOURCE conftest.c >&5
configure:4654: $? = 0
configure:4654: result: yes
configure:31135: checking for default DBM
configure:31137: result: sdbm (default)
configure:31907: checking for pg_config
configure:31940: result: no
configure:31995: checking libpq-fe.h usability
configure:31995: gcc -c -g -O2  -DSOLARIS2=10 -D_POSIX_PTHREAD_SEMANTICS -D_REENTRANT -D_LARGEFILE64_SOURCE conftest.c >&5
conftest.c:52:22: error: libpq-fe.h: No such file or directory
configure:31995: $? = 1
configure: failed program was:
| /* confdefs.h */
| #define PACKAGE_NAME ""
| #define PACKAGE_TARNAME ""
| #define PACKAGE_VERSION ""
| #define PACKAGE_STRING ""
| #define PACKAGE_BUGREPORT ""
| #define PACKAGE_URL ""
| #define STDC_HEADERS 1
| #define HAVE_SYS_TYPES_H 1
| #define HAVE_SYS_STAT_H 1
| #define HAVE_STDLIB_H 1
| #define HAVE_STRING_H 1
| #define HAVE_MEMORY_H 1
| #define HAVE_STRINGS_H 1
| #define HAVE_INTTYPES_H 1
| #define HAVE_STDINT_H 1
| #define HAVE_UNISTD_H 1
| /* end confdefs.h.  */
| #include <stdio.h>
| #ifdef HAVE_SYS_TYPES_H
| # include <sys/types.h>
| #endif
| #ifdef HAVE_SYS_STAT_H
| # include <sys/stat.h>
| #endif
| #ifdef STDC_HEADERS
| # include <stdlib.h>
| # include <stddef.h>
| #else
| # ifdef HAVE_STDLIB_H
| #  include <stdlib.h>
| # endif
| #endif
| #ifdef HAVE_STRING_H
| # if !defined STDC_HEADERS && defined HAVE_MEMORY_H
| #  include <memory.h>
| # endif
| # include <string.h>
| #endif
| #ifdef HAVE_STRINGS_H
| # include <strings.h>
| #endif
| #ifdef HAVE_INTTYPES_H
| # include <inttypes.h>
| #endif
| #ifdef HAVE_STDINT_H
| # include <stdint.h>
| #endif
| #ifdef HAVE_UNISTD_H
| # include <unistd.h>
| #endif
| #include <libpq-fe.h>
configure:31995: result: no
configure:31995: checking libpq-fe.h presence
configure:31995: gcc -E  -DSOLARIS2=10 -D_POSIX_PTHREAD_SEMANTICS -D_REENTRANT -D_LARGEFILE64_SOURCE conftest.c
conftest.c:19:22: error: libpq-fe.h: No such file or directory
configure:31995: $? = 1
configure: failed program was:
| /* confdefs.h */
| #define PACKAGE_NAME ""
| #define PACKAGE_TARNAME ""
| #define PACKAGE_VERSION ""
| #define PACKAGE_STRING ""
| #define PACKAGE_BUGREPORT ""
| #define PACKAGE_URL ""
| #define STDC_HEADERS 1
| #define HAVE_SYS_TYPES_H 1
| #define HAVE_SYS_STAT_H 1
| #define HAVE_STDLIB_H 1
| #define HAVE_STRING_H 1
| #define HAVE_MEMORY_H 1
| #define HAVE_STRINGS_H 1
| #define HAVE_INTTYPES_H 1
| #define HAVE_STDINT_H 1
| #define HAVE_UNISTD_H 1
| /* end confdefs.h.  */
| #include <libpq-fe.h>
configure:31995: result: no
configure:31995: checking for libpq-fe.h
configure:31995: result: no
configure:32117: checking postgresql/libpq-fe.h usability
configure:32117: gcc -c -g -O2  -DSOLARIS2=10 -D_POSIX_PTHREAD_SEMANTICS -D_REENTRANT -D_LARGEFILE64_SOURCE conftest.c >&5
conftest.c:52:33: error: postgresql/libpq-fe.h: No such file or directory
configure:32117: $? = 1
configure: failed program was:
| /* confdefs.h */
| #define PACKAGE_NAME ""
| #define PACKAGE_TARNAME ""
| #define PACKAGE_VERSION ""
| #define PACKAGE_STRING ""
| #define PACKAGE_BUGREPORT ""
| #define PACKAGE_URL ""
| #define STDC_HEADERS 1
| #define HAVE_SYS_TYPES_H 1
| #define HAVE_SYS_STAT_H 1
| #define HAVE_STDLIB_H 1
| #define HAVE_STRING_H 1
| #define HAVE_MEMORY_H 1
| #define HAVE_STRINGS_H 1
| #define HAVE_INTTYPES_H 1
| #define HAVE_STDINT_H 1
| #define HAVE_UNISTD_H 1
| /* end confdefs.h.  */
| #include <stdio.h>
| #ifdef HAVE_SYS_TYPES_H
| # include <sys/types.h>
| #endif
| #ifdef HAVE_SYS_STAT_H
| # include <sys/stat.h>
| #endif
| #ifdef STDC_HEADERS
| # include <stdlib.h>
| # include <stddef.h>
| #else
| # ifdef HAVE_STDLIB_H
| #  include <stdlib.h>
| # endif
| #endif
| #ifdef HAVE_STRING_H
| # if !defined STDC_HEADERS && defined HAVE_MEMORY_H
| #  include <memory.h>
| # endif
| # include <string.h>
| #endif
| #ifdef HAVE_STRINGS_H
| # include <strings.h>
| #endif
| #ifdef HAVE_INTTYPES_H
| # include <inttypes.h>
| #endif
| #ifdef HAVE_STDINT_H
| # include <stdint.h>
| #endif
| #ifdef HAVE_UNISTD_H
| # include <unistd.h>
| #endif
| #include <postgresql/libpq-fe.h>
configure:32117: result: no
configure:32117: checking postgresql/libpq-fe.h presence
configure:32117: gcc -E  -DSOLARIS2=10 -D_POSIX_PTHREAD_SEMANTICS -D_REENTRANT -D_LARGEFILE64_SOURCE conftest.c
conftest.c:19:33: error: postgresql/libpq-fe.h: No such file or directory
configure:32117: $? = 1
configure: failed program was:
| /* confdefs.h */
| #define PACKAGE_NAME ""
| #define PACKAGE_TARNAME ""
| #define PACKAGE_VERSION ""
| #define PACKAGE_STRING ""
| #define PACKAGE_BUGREPORT ""
| #define PACKAGE_URL ""
| #define STDC_HEADERS 1
| #define HAVE_SYS_TYPES_H 1
| #define HAVE_SYS_STAT_H 1
| #define HAVE_STDLIB_H 1
| #define HAVE_STRING_H 1
| #define HAVE_MEMORY_H 1
| #define HAVE_STRINGS_H 1
| #define HAVE_INTTYPES_H 1
| #define HAVE_STDINT_H 1
| #define HAVE_UNISTD_H 1
| /* end confdefs.h.  */
| #include <postgresql/libpq-fe.h>
configure:32117: result: no
configure:32117: checking for postgresql/libpq-fe.h
configure:32117: result: no
configure:32977: checking sqlite3.h usability
configure:32977: gcc -c -g -O2  -DSOLARIS2=10 -D_POSIX_PTHREAD_SEMANTICS -D_REENTRANT -D_LARGEFILE64_SOURCE conftest.c >&5
conftest.c:52:21: error: sqlite3.h: No such file or directory
configure:32977: $? = 1
configure: failed program was:
| /* confdefs.h */
| #define PACKAGE_NAME ""
| #define PACKAGE_TARNAME ""
| #define PACKAGE_VERSION ""
| #define PACKAGE_STRING ""
| #define PACKAGE_BUGREPORT ""
| #define PACKAGE_URL ""
| #define STDC_HEADERS 1
| #define HAVE_SYS_TYPES_H 1
| #define HAVE_SYS_STAT_H 1
| #define HAVE_STDLIB_H 1
| #define HAVE_STRING_H 1
| #define HAVE_MEMORY_H 1
| #define HAVE_STRINGS_H 1
| #define HAVE_INTTYPES_H 1
| #define HAVE_STDINT_H 1
| #define HAVE_UNISTD_H 1
| /* end confdefs.h.  */
| #include <stdio.h>
| #ifdef HAVE_SYS_TYPES_H
| # include <sys/types.h>
| #endif
| #ifdef HAVE_SYS_STAT_H
| # include <sys/stat.h>
| #endif
| #ifdef STDC_HEADERS
| # include <stdlib.h>
| # include <stddef.h>
| #else
| # ifdef HAVE_STDLIB_H
| #  include <stdlib.h>
| # endif
| #endif
| #ifdef HAVE_STRING_H
| # if !defined STDC_HEADERS && defined HAVE_MEMORY_H
| #  include <memory.h>
| # endif
| # include <string.h>
| #endif
| #ifdef HAVE_STRINGS_H
| # include <strings.h>
| #endif
| #ifdef HAVE_INTTYPES_H
| # include <inttypes.h>
| #endif
| #ifdef HAVE_STDINT_H
| # include <stdint.h>
| #endif
| #ifdef HAVE_UNISTD_H
| # include <unistd.h>
| #endif
| #include <sqlite3.h>
configure:32977: result: no
configure:32977: checking sqlite3.h presence
configure:32977: gcc -E  -DSOLARIS2=10 -D_POSIX_PTHREAD_SEMANTICS -D_REENTRANT -D_LARGEFILE64_SOURCE conftest.c
conftest.c:19:21: error: sqlite3.h: No such file or directory
configure:32977: $? = 1
configure: failed program was:
| /* confdefs.h */
| #define PACKAGE_NAME ""
| #define PACKAGE_TARNAME ""
| #define PACKAGE_VERSION ""
| #define PACKAGE_STRING ""
| #define PACKAGE_BUGREPORT ""
| #define PACKAGE_URL ""
| #define STDC_HEADERS 1
| #define HAVE_SYS_TYPES_H 1
| #define HAVE_SYS_STAT_H 1
| #define HAVE_STDLIB_H 1
| #define HAVE_STRING_H 1
| #define HAVE_MEMORY_H 1
| #define HAVE_STRINGS_H 1
| #define HAVE_INTTYPES_H 1
| #define HAVE_STDINT_H 1
| #define HAVE_UNISTD_H 1
| /* end confdefs.h.  */
| #include <sqlite3.h>
configure:32977: result: no
configure:32977: checking for sqlite3.h
configure:32977: result: no
configure:33235: checking sqlite.h usability
configure:33235: gcc -c -g -O2  -DSOLARIS2=10 -D_POSIX_PTHREAD_SEMANTICS -D_REENTRANT -D_LARGEFILE64_SOURCE conftest.c >&5
conftest.c:52:20: error: sqlite.h: No such file or directory
configure:33235: $? = 1
configure: failed program was:
| /* confdefs.h */
| #define PACKAGE_NAME ""
| #define PACKAGE_TARNAME ""
| #define PACKAGE_VERSION ""
| #define PACKAGE_STRING ""
| #define PACKAGE_BUGREPORT ""
| #define PACKAGE_URL ""
| #define STDC_HEADERS 1
| #define HAVE_SYS_TYPES_H 1
| #define HAVE_SYS_STAT_H 1
| #define HAVE_STDLIB_H 1
| #define HAVE_STRING_H 1
| #define HAVE_MEMORY_H 1
| #define HAVE_STRINGS_H 1
| #define HAVE_INTTYPES_H 1
| #define HAVE_STDINT_H 1
| #define HAVE_UNISTD_H 1
| /* end confdefs.h.  */
| #include <stdio.h>
| #ifdef HAVE_SYS_TYPES_H
| # include <sys/types.h>
| #endif
| #ifdef HAVE_SYS_STAT_H
| # include <sys/stat.h>
| #endif
| #ifdef STDC_HEADERS
| # include <stdlib.h>
| # include <stddef.h>
| #else
| # ifdef HAVE_STDLIB_H
| #  include <stdlib.h>
| # endif
| #endif
| #ifdef HAVE_STRING_H
| # if !defined STDC_HEADERS && defined HAVE_MEMORY_H
| #  include <memory.h>
| # endif
| # include <string.h>
| #endif
| #ifdef HAVE_STRINGS_H
| # include <strings.h>
| #endif
| #ifdef HAVE_INTTYPES_H
| # include <inttypes.h>
| #endif
| #ifdef HAVE_STDINT_H
| # include <stdint.h>
| #endif
| #ifdef HAVE_UNISTD_H
| # include <unistd.h>
| #endif
| #include <sqlite.h>
configure:33235: result: no
configure:33235: checking sqlite.h presence
configure:33235: gcc -E  -DSOLARIS2=10 -D_POSIX_PTHREAD_SEMANTICS -D_REENTRANT -D_LARGEFILE64_SOURCE conftest.c
conftest.c:19:20: error: sqlite.h: No such file or directory
configure:33235: $? = 1
configure: failed program was:
| /* confdefs.h */
| #define PACKAGE_NAME ""
| #define PACKAGE_TARNAME ""
| #define PACKAGE_VERSION ""
| #define PACKAGE_STRING ""
| #define PACKAGE_BUGREPORT ""
| #define PACKAGE_URL ""
| #define STDC_HEADERS 1
| #define HAVE_SYS_TYPES_H 1
| #define HAVE_SYS_STAT_H 1
| #define HAVE_STDLIB_H 1
| #define HAVE_STRING_H 1
| #define HAVE_MEMORY_H 1
| #define HAVE_STRINGS_H 1
| #define HAVE_INTTYPES_H 1
| #define HAVE_STDINT_H 1
| #define HAVE_UNISTD_H 1
| /* end confdefs.h.  */
| #include <sqlite.h>
configure:33235: result: no
configure:33235: checking for sqlite.h
configure:33235: result: no
configure:34209: checking sybdb.h usability
configure:34209: gcc -c -g -O2  -DSOLARIS2=10 -D_POSIX_PTHREAD_SEMANTICS -D_REENTRANT -D_LARGEFILE64_SOURCE conftest.c >&5
conftest.c:52:19: error: sybdb.h: No such file or directory
configure:34209: $? = 1
configure: failed program was:
| /* confdefs.h */
| #define PACKAGE_NAME ""
| #define PACKAGE_TARNAME ""
| #define PACKAGE_VERSION ""
| #define PACKAGE_STRING ""
| #define PACKAGE_BUGREPORT ""
| #define PACKAGE_URL ""
| #define STDC_HEADERS 1
| #define HAVE_SYS_TYPES_H 1
| #define HAVE_SYS_STAT_H 1
| #define HAVE_STDLIB_H 1
| #define HAVE_STRING_H 1
| #define HAVE_MEMORY_H 1
| #define HAVE_STRINGS_H 1
| #define HAVE_INTTYPES_H 1
| #define HAVE_STDINT_H 1
| #define HAVE_UNISTD_H 1
| /* end confdefs.h.  */
| #include <stdio.h>
| #ifdef HAVE_SYS_TYPES_H
| # include <sys/types.h>
| #endif
| #ifdef HAVE_SYS_STAT_H
| # include <sys/stat.h>
| #endif
| #ifdef STDC_HEADERS
| # include <stdlib.h>
| # include <stddef.h>
| #else
| # ifdef HAVE_STDLIB_H
| #  include <stdlib.h>
| # endif
| #endif
| #ifdef HAVE_STRING_H
| # if !defined STDC_HEADERS && defined HAVE_MEMORY_H
| #  include <memory.h>
| # endif
| # include <string.h>
| #endif
| #ifdef HAVE_STRINGS_H
| # include <strings.h>
| #endif
| #ifdef HAVE_INTTYPES_H
| # include <inttypes.h>
| #endif
| #ifdef HAVE_STDINT_H
| # include <stdint.h>
| #endif
| #ifdef HAVE_UNISTD_H
| # include <unistd.h>
| #endif
| #include <sybdb.h>
configure:34209: result: no
configure:34209: checking sybdb.h presence
configure:34209: gcc -E  -DSOLARIS2=10 -D_POSIX_PTHREAD_SEMANTICS -D_REENTRANT -D_LARGEFILE64_SOURCE conftest.c
conftest.c:19:19: error: sybdb.h: No such file or directory
configure:34209: $? = 1
configure: failed program was:
| /* confdefs.h */
| #define PACKAGE_NAME ""
| #define PACKAGE_TARNAME ""
| #define PACKAGE_VERSION ""
| #define PACKAGE_STRING ""
| #define PACKAGE_BUGREPORT ""
| #define PACKAGE_URL ""
| #define STDC_HEADERS 1
| #define HAVE_SYS_TYPES_H 1
| #define HAVE_SYS_STAT_H 1
| #define HAVE_STDLIB_H 1
| #define HAVE_STRING_H 1
| #define HAVE_MEMORY_H 1
| #define HAVE_STRINGS_H 1
| #define HAVE_INTTYPES_H 1
| #define HAVE_STDINT_H 1
| #define HAVE_UNISTD_H 1
| /* end confdefs.h.  */
| #include <sybdb.h>
configure:34209: result: no
configure:34209: checking for sybdb.h
configure:34209: result: no
configure:34261: checking freetds/sybdb.h usability
configure:34261: gcc -c -g -O2  -DSOLARIS2=10 -D_POSIX_PTHREAD_SEMANTICS -D_REENTRANT -D_LARGEFILE64_SOURCE conftest.c >&5
conftest.c:52:27: error: freetds/sybdb.h: No such file or directory
configure:34261: $? = 1
configure: failed program was:
| /* confdefs.h */
| #define PACKAGE_NAME ""
| #define PACKAGE_TARNAME ""
| #define PACKAGE_VERSION ""
| #define PACKAGE_STRING ""
| #define PACKAGE_BUGREPORT ""
| #define PACKAGE_URL ""
| #define STDC_HEADERS 1
| #define HAVE_SYS_TYPES_H 1
| #define HAVE_SYS_STAT_H 1
| #define HAVE_STDLIB_H 1
| #define HAVE_STRING_H 1
| #define HAVE_MEMORY_H 1
| #define HAVE_STRINGS_H 1
| #define HAVE_INTTYPES_H 1
| #define HAVE_STDINT_H 1
| #define HAVE_UNISTD_H 1
| /* end confdefs.h.  */
| #include <stdio.h>
| #ifdef HAVE_SYS_TYPES_H
| # include <sys/types.h>
| #endif
| #ifdef HAVE_SYS_STAT_H
| # include <sys/stat.h>
| #endif
| #ifdef STDC_HEADERS
| # include <stdlib.h>
| # include <stddef.h>
| #else
| # ifdef HAVE_STDLIB_H
| #  include <stdlib.h>
| # endif
| #endif
| #ifdef HAVE_STRING_H
| # if !defined STDC_HEADERS && defined HAVE_MEMORY_H
| #  include <memory.h>
| # endif
| # include <string.h>
| #endif
| #ifdef HAVE_STRINGS_H
| # include <strings.h>
| #endif
| #ifdef HAVE_INTTYPES_H
| # include <inttypes.h>
| #endif
| #ifdef HAVE_STDINT_H
| # include <stdint.h>
| #endif
| #ifdef HAVE_UNISTD_H
| # include <unistd.h>
| #endif
| #include <freetds/sybdb.h>
configure:34261: result: no
configure:34261: checking freetds/sybdb.h presence
configure:34261: gcc -E  -DSOLARIS2=10 -D_POSIX_PTHREAD_SEMANTICS -D_REENTRANT -D_LARGEFILE64_SOURCE conftest.c
conftest.c:19:27: error: freetds/sybdb.h: No such file or directory
configure:34261: $? = 1
configure: failed program was:
| /* confdefs.h */
| #define PACKAGE_NAME ""
| #define PACKAGE_TARNAME ""
| #define PACKAGE_VERSION ""
| #define PACKAGE_STRING ""
| #define PACKAGE_BUGREPORT ""
| #define PACKAGE_URL ""
| #define STDC_HEADERS 1
| #define HAVE_SYS_TYPES_H 1
| #define HAVE_SYS_STAT_H 1
| #define HAVE_STDLIB_H 1
| #define HAVE_STRING_H 1
| #define HAVE_MEMORY_H 1
| #define HAVE_STRINGS_H 1
| #define HAVE_INTTYPES_H 1
| #define HAVE_STDINT_H 1
| #define HAVE_UNISTD_H 1
| /* end confdefs.h.  */
| #include <freetds/sybdb.h>
configure:34261: result: no
configure:34261: checking for freetds/sybdb.h
configure:34261: result: no
configure:34832: checking for odbc_config
configure:34865: result: no
configure:34942: checking sql.h usability
configure:34942: gcc -c -g -O2  -DSOLARIS2=10 -D_POSIX_PTHREAD_SEMANTICS -D_REENTRANT -D_LARGEFILE64_SOURCE conftest.c >&5
conftest.c:52:17: error: sql.h: No such file or directory
configure:34942: $? = 1
configure: failed program was:
| /* confdefs.h */
| #define PACKAGE_NAME ""
| #define PACKAGE_TARNAME ""
| #define PACKAGE_VERSION ""
| #define PACKAGE_STRING ""
| #define PACKAGE_BUGREPORT ""
| #define PACKAGE_URL ""
| #define STDC_HEADERS 1
| #define HAVE_SYS_TYPES_H 1
| #define HAVE_SYS_STAT_H 1
| #define HAVE_STDLIB_H 1
| #define HAVE_STRING_H 1
| #define HAVE_MEMORY_H 1
| #define HAVE_STRINGS_H 1
| #define HAVE_INTTYPES_H 1
| #define HAVE_STDINT_H 1
| #define HAVE_UNISTD_H 1
| /* end confdefs.h.  */
| #include <stdio.h>
| #ifdef HAVE_SYS_TYPES_H
| # include <sys/types.h>
| #endif
| #ifdef HAVE_SYS_STAT_H
| # include <sys/stat.h>
| #endif
| #ifdef STDC_HEADERS
| # include <stdlib.h>
| # include <stddef.h>
| #else
| # ifdef HAVE_STDLIB_H
| #  include <stdlib.h>
| # endif
| #endif
| #ifdef HAVE_STRING_H
| # if !defined STDC_HEADERS && defined HAVE_MEMORY_H
| #  include <memory.h>
| # endif
| # include <string.h>
| #endif
| #ifdef HAVE_STRINGS_H
| # include <strings.h>
| #endif
| #ifdef HAVE_INTTYPES_H
| # include <inttypes.h>
| #endif
| #ifdef HAVE_STDINT_H
| # include <stdint.h>
| #endif
| #ifdef HAVE_UNISTD_H
| # include <unistd.h>
| #endif
| #include <sql.h>
configure:34942: result: no
configure:34942: checking sql.h presence
configure:34942: gcc -E  -DSOLARIS2=10 -D_POSIX_PTHREAD_SEMANTICS -D_REENTRANT -D_LARGEFILE64_SOURCE conftest.c
conftest.c:19:17: error: sql.h: No such file or directory
configure:34942: $? = 1
configure: failed program was:
| /* confdefs.h */
| #define PACKAGE_NAME ""
| #define PACKAGE_TARNAME ""
| #define PACKAGE_VERSION ""
| #define PACKAGE_STRING ""
| #define PACKAGE_BUGREPORT ""
| #define PACKAGE_URL ""
| #define STDC_HEADERS 1
| #define HAVE_SYS_TYPES_H 1
| #define HAVE_SYS_STAT_H 1
| #define HAVE_STDLIB_H 1
| #define HAVE_STRING_H 1
| #define HAVE_MEMORY_H 1
| #define HAVE_STRINGS_H 1
| #define HAVE_INTTYPES_H 1
| #define HAVE_STDINT_H 1
| #define HAVE_UNISTD_H 1
| /* end confdefs.h.  */
| #include <sql.h>
configure:34942: result: no
configure:34942: checking for sql.h
configure:34942: result: no
configure:34994: checking odbc/sql.h usability
configure:34994: gcc -c -g -O2  -DSOLARIS2=10 -D_POSIX_PTHREAD_SEMANTICS -D_REENTRANT -D_LARGEFILE64_SOURCE conftest.c >&5
conftest.c:52:22: error: odbc/sql.h: No such file or directory
configure:34994: $? = 1
configure: failed program was:
| /* confdefs.h */
| #define PACKAGE_NAME ""
| #define PACKAGE_TARNAME ""
| #define PACKAGE_VERSION ""
| #define PACKAGE_STRING ""
| #define PACKAGE_BUGREPORT ""
| #define PACKAGE_URL ""
| #define STDC_HEADERS 1
| #define HAVE_SYS_TYPES_H 1
| #define HAVE_SYS_STAT_H 1
| #define HAVE_STDLIB_H 1
| #define HAVE_STRING_H 1
| #define HAVE_MEMORY_H 1
| #define HAVE_STRINGS_H 1
| #define HAVE_INTTYPES_H 1
| #define HAVE_STDINT_H 1
| #define HAVE_UNISTD_H 1
| /* end confdefs.h.  */
| #include <stdio.h>
| #ifdef HAVE_SYS_TYPES_H
| # include <sys/types.h>
| #endif
| #ifdef HAVE_SYS_STAT_H
| # include <sys/stat.h>
| #endif
| #ifdef STDC_HEADERS
| # include <stdlib.h>
| # include <stddef.h>
| #else
| # ifdef HAVE_STDLIB_H
| #  include <stdlib.h>
| # endif
| #endif
| #ifdef HAVE_STRING_H
| # if !defined STDC_HEADERS && defined HAVE_MEMORY_H
| #  include <memory.h>
| # endif
| # include <string.h>
| #endif
| #ifdef HAVE_STRINGS_H
| # include <strings.h>
| #endif
| #ifdef HAVE_INTTYPES_H
| # include <inttypes.h>
| #endif
| #ifdef HAVE_STDINT_H
| # include <stdint.h>
| #endif
| #ifdef HAVE_UNISTD_H
| # include <unistd.h>
| #endif
| #include <odbc/sql.h>
configure:34994: result: no
configure:34994: checking odbc/sql.h presence
configure:34994: gcc -E  -DSOLARIS2=10 -D_POSIX_PTHREAD_SEMANTICS -D_REENTRANT -D_LARGEFILE64_SOURCE conftest.c
conftest.c:19:22: error: odbc/sql.h: No such file or directory
configure:34994: $? = 1
configure: failed program was:
| /* confdefs.h */
| #define PACKAGE_NAME ""
| #define PACKAGE_TARNAME ""
| #define PACKAGE_VERSION ""
| #define PACKAGE_STRING ""
| #define PACKAGE_BUGREPORT ""
| #define PACKAGE_URL ""
| #define STDC_HEADERS 1
| #define HAVE_SYS_TYPES_H 1
| #define HAVE_SYS_STAT_H 1
| #define HAVE_STDLIB_H 1
| #define HAVE_STRING_H 1
| #define HAVE_MEMORY_H 1
| #define HAVE_STRINGS_H 1
| #define HAVE_INTTYPES_H 1
| #define HAVE_STDINT_H 1
| #define HAVE_UNISTD_H 1
| /* end confdefs.h.  */
| #include <odbc/sql.h>
configure:34994: result: no
configure:34994: checking for odbc/sql.h
configure:34994: result: no
configure:35210: checking Expat 1.95.x
configure:35230: gcc -o conftest -g -O2  -DSOLARIS2=10 -D_POSIX_PTHREAD_SEMANTICS -D_REENTRANT -D_LARGEFILE64_SOURCE  conftest.c -lrt  -lexpat >&5
conftest.c:20:19: error: expat.h: No such file or directory
configure:35230: $? = 1
configure: failed program was:
| /* confdefs.h */
| #define PACKAGE_NAME ""
| #define PACKAGE_TARNAME ""
| #define PACKAGE_VERSION ""
| #define PACKAGE_STRING ""
| #define PACKAGE_BUGREPORT ""
| #define PACKAGE_URL ""
| #define STDC_HEADERS 1
| #define HAVE_SYS_TYPES_H 1
| #define HAVE_SYS_STAT_H 1
| #define HAVE_STDLIB_H 1
| #define HAVE_STRING_H 1
| #define HAVE_MEMORY_H 1
| #define HAVE_STRINGS_H 1
| #define HAVE_INTTYPES_H 1
| #define HAVE_STDINT_H 1
| #define HAVE_UNISTD_H 1
| /* end confdefs.h.  */
| #include <stdlib.h>
| #include <expat.h>
| int
| main ()
| {
| XML_ParserCreate(NULL);
|   ;
|   return 0;
| }
configure:35240: result: no
configure:35258: checking old Debian-packaged expat
configure:35278: gcc -o conftest -g -O2  -DSOLARIS2=10 -D_POSIX_PTHREAD_SEMANTICS -D_REENTRANT -D_LARGEFILE64_SOURCE  conftest.c -lrt  -lxmlparse -lxmltok >&5
conftest.c:20:29: error: xmltok/xmlparse.h: No such file or directory
configure:35278: $? = 1
configure: failed program was:
| /* confdefs.h */
| #define PACKAGE_NAME ""
| #define PACKAGE_TARNAME ""
| #define PACKAGE_VERSION ""
| #define PACKAGE_STRING ""
| #define PACKAGE_BUGREPORT ""
| #define PACKAGE_URL ""
| #define STDC_HEADERS 1
| #define HAVE_SYS_TYPES_H 1
| #define HAVE_SYS_STAT_H 1
| #define HAVE_STDLIB_H 1
| #define HAVE_STRING_H 1
| #define HAVE_MEMORY_H 1
| #define HAVE_STRINGS_H 1
| #define HAVE_INTTYPES_H 1
| #define HAVE_STDINT_H 1
| #define HAVE_UNISTD_H 1
| /* end confdefs.h.  */
| #include <stdlib.h>
| #include <xmltok/xmlparse.h>
| int
| main ()
| {
| XML_ParserCreate(NULL);
|   ;
|   return 0;
| }
configure:35288: result: no
configure:35307: checking old FreeBSD-packaged expat
configure:35327: gcc -o conftest -g -O2  -DSOLARIS2=10 -D_POSIX_PTHREAD_SEMANTICS -D_REENTRANT -D_LARGEFILE64_SOURCE  conftest.c -lrt  -lexpat >&5
conftest.c:20:26: error: xml/xmlparse.h: No such file or directory
configure:35327: $? = 1
configure: failed program was:
| /* confdefs.h */
| #define PACKAGE_NAME ""
| #define PACKAGE_TARNAME ""
| #define PACKAGE_VERSION ""
| #define PACKAGE_STRING ""
| #define PACKAGE_BUGREPORT ""
| #define PACKAGE_URL ""
| #define STDC_HEADERS 1
| #define HAVE_SYS_TYPES_H 1
| #define HAVE_SYS_STAT_H 1
| #define HAVE_STDLIB_H 1
| #define HAVE_STRING_H 1
| #define HAVE_MEMORY_H 1
| #define HAVE_STRINGS_H 1
| #define HAVE_INTTYPES_H 1
| #define HAVE_STDINT_H 1
| #define HAVE_UNISTD_H 1
| /* end confdefs.h.  */
| #include <stdlib.h>
| #include <xml/xmlparse.h>
| int
| main ()
| {
| XML_ParserCreate(NULL);
|   ;
|   return 0;
| }
configure:35337: result: no
configure:35356: checking Expat 1.0/1.1
configure:35376: gcc -o conftest -g -O2  -DSOLARIS2=10 -D_POSIX_PTHREAD_SEMANTICS -D_REENTRANT -D_LARGEFILE64_SOURCE  conftest.c -lrt  -lexpat >&5
conftest.c:20:31: error: xmlparse/xmlparse.h: No such file or directory
configure:35376: $? = 1
configure: failed program was:
| /* confdefs.h */
| #define PACKAGE_NAME ""
| #define PACKAGE_TARNAME ""
| #define PACKAGE_VERSION ""
| #define PACKAGE_STRING ""
| #define PACKAGE_BUGREPORT ""
| #define PACKAGE_URL ""
| #define STDC_HEADERS 1
| #define HAVE_SYS_TYPES_H 1
| #define HAVE_SYS_STAT_H 1
| #define HAVE_STDLIB_H 1
| #define HAVE_STRING_H 1
| #define HAVE_MEMORY_H 1
| #define HAVE_STRINGS_H 1
| #define HAVE_INTTYPES_H 1
| #define HAVE_STDINT_H 1
| #define HAVE_UNISTD_H 1
| /* end confdefs.h.  */
| #include <stdlib.h>
| #include <xmlparse/xmlparse.h>
| int
| main ()
| {
| XML_ParserCreate(NULL);
|   ;
|   return 0;
| }
configure:35386: result: no
configure:35448: checking Expat 1.95.x in /usr/local
configure:35468: gcc -o conftest -g -O2  -DSOLARIS2=10 -D_POSIX_PTHREAD_SEMANTICS -D_REENTRANT -D_LARGEFILE64_SOURCE -I/usr/local/include -L/usr/local/lib conftest.c -lrt  -lexpat >&5
conftest.c:20:19: error: expat.h: No such file or directory
configure:35468: $? = 1
configure: failed program was:
| /* confdefs.h */
| #define PACKAGE_NAME ""
| #define PACKAGE_TARNAME ""
| #define PACKAGE_VERSION ""
| #define PACKAGE_STRING ""
| #define PACKAGE_BUGREPORT ""
| #define PACKAGE_URL ""
| #define STDC_HEADERS 1
| #define HAVE_SYS_TYPES_H 1
| #define HAVE_SYS_STAT_H 1
| #define HAVE_STDLIB_H 1
| #define HAVE_STRING_H 1
| #define HAVE_MEMORY_H 1
| #define HAVE_STRINGS_H 1
| #define HAVE_INTTYPES_H 1
| #define HAVE_STDINT_H 1
| #define HAVE_UNISTD_H 1
| /* end confdefs.h.  */
| #include <stdlib.h>
| #include <expat.h>
| int
| main ()
| {
| XML_ParserCreate(NULL);
|   ;
|   return 0;
| }
configure:35478: result: no
configure:35920: checking iconv.h usability
configure:35920: gcc -c -g -O2  -DSOLARIS2=10 -D_POSIX_PTHREAD_SEMANTICS -D_REENTRANT -D_LARGEFILE64_SOURCE conftest.c >&5
configure:35920: $? = 0
configure:35920: result: yes
configure:35920: checking iconv.h presence
configure:35920: gcc -E  -DSOLARIS2=10 -D_POSIX_PTHREAD_SEMANTICS -D_REENTRANT -D_LARGEFILE64_SOURCE conftest.c
configure:35920: $? = 0
configure:35920: result: yes
configure:35920: checking for iconv.h
configure:35920: result: yes
configure:35941: gcc -o conftest -g -O2  -DSOLARIS2=10 -D_POSIX_PTHREAD_SEMANTICS -D_REENTRANT -D_LARGEFILE64_SOURCE  conftest.c -lrt  >&5
configure:35941: $? = 0
configure:36164: checking for type of inbuf parameter to iconv
configure:36203: result: const char **
configure:36212: checking for iconv.h
configure:36212: result: yes
configure:36212: checking langinfo.h usability
configure:36212: gcc -c -g -O2  -DSOLARIS2=10 -D_POSIX_PTHREAD_SEMANTICS -D_REENTRANT -D_LARGEFILE64_SOURCE conftest.c >&5
configure:36212: $? = 0
configure:36212: result: yes
configure:36212: checking langinfo.h presence
configure:36212: gcc -E  -DSOLARIS2=10 -D_POSIX_PTHREAD_SEMANTICS -D_REENTRANT -D_LARGEFILE64_SOURCE conftest.c
configure:36212: $? = 0
configure:36212: result: yes
configure:36212: checking for langinfo.h
configure:36212: result: yes
configure:36237: checking for nl_langinfo
configure:36237: gcc -o conftest -g -O2  -DSOLARIS2=10 -D_POSIX_PTHREAD_SEMANTICS -D_REENTRANT -D_LARGEFILE64_SOURCE  conftest.c -lrt  >&5
configure:36237: $? = 0
configure:36237: result: yes
configure:36257: checking for CODESET in langinfo.h
configure:36282: result: yes
configure:36306: checking whether APR has DSO support
configure:36331: result: yes
configure:36416: checking for library containing crypt
configure:36447: gcc -o conftest -g -O2  -DSOLARIS2=10 -D_POSIX_PTHREAD_SEMANTICS -D_REENTRANT -D_LARGEFILE64_SOURCE  conftest.c -lrt  >&5
configure:36447: $? = 0
configure:36464: result: none required
configure:36472: checking if system crypt() function is threadsafe
configure:36482: result: yes
configure:36487: checking for crypt_r
configure:36487: gcc -o conftest -g -O2  -DSOLARIS2=10 -D_POSIX_PTHREAD_SEMANTICS -D_REENTRANT -D_LARGEFILE64_SOURCE  conftest.c -lrt  >&5
Undefined			first referenced
 symbol  			    in file
crypt_r                             /var/tmp//ccSeoESV.o
ld: fatal: Symbol referencing errors. No output written to conftest
collect2: ld returned 1 exit status
configure:36487: $? = 1
configure: failed program was:
| /* confdefs.h */
| #define PACKAGE_NAME ""
| #define PACKAGE_TARNAME ""
| #define PACKAGE_VERSION ""
| #define PACKAGE_STRING ""
| #define PACKAGE_BUGREPORT ""
| #define PACKAGE_URL ""
| #define STDC_HEADERS 1
| #define HAVE_SYS_TYPES_H 1
| #define HAVE_SYS_STAT_H 1
| #define HAVE_STDLIB_H 1
| #define HAVE_STRING_H 1
| #define HAVE_MEMORY_H 1
| #define HAVE_STRINGS_H 1
| #define HAVE_INTTYPES_H 1
| #define HAVE_STDINT_H 1
| #define HAVE_UNISTD_H 1
| #define APU_ICONV_INBUF_CONST 1
| #define HAVE_ICONV_H 1
| #define HAVE_LANGINFO_H 1
| #define HAVE_NL_LANGINFO 1
| #define HAVE_CODESET 1
| #define APU_DSO_BUILD 1
| #define APU_CRYPT_THREADSAFE 1
| /* end confdefs.h.  */
| /* Define crypt_r to an innocuous variant, in case <limits.h> declares crypt_r.
|    For example, HP-UX 11i <limits.h> declares gettimeofday.  */
| #define crypt_r innocuous_crypt_r
| 
| /* System header to define __stub macros and hopefully few prototypes,
|     which can conflict with char crypt_r (); below.
|     Prefer <limits.h> to <assert.h> if __STDC__ is defined, since
|     <limits.h> exists even on freestanding compilers.  */
| 
| #ifdef __STDC__
| # include <limits.h>
| #else
| # include <assert.h>
| #endif
| 
| #undef crypt_r
| 
| /* Override any GCC internal prototype to avoid an error.
|    Use char because int might match the return type of a GCC
|    builtin and then its argument prototype would still apply.  */
| #ifdef __cplusplus
| extern "C"
| #endif
| char crypt_r ();
| /* The GNU C library defines this for functions which it implements
|     to always fail with ENOSYS.  Some functions are actually named
|     something starting with __ and the normal name is an alias.  */
| #if defined __stub_crypt_r || defined __stub___crypt_r
| choke me
| #endif
| 
| int
| main ()
| {
| return crypt_r ();
|   ;
|   return 0;
| }
configure:36487: result: no
configure:36764: creating ./config.status

## ---------------------- ##
## Running config.status. ##
## ---------------------- ##

This file was extended by config.status, which was
generated by GNU Autoconf 2.64.  Invocation command line was

  CONFIG_FILES    = 
  CONFIG_HEADERS  = 
  CONFIG_LINKS    = 
  CONFIG_COMMANDS = 
  $ ./config.status 

on cs-server.usc.edu

config.status:931: creating Makefile
config.status:931: creating export_vars.sh
config.status:931: creating build/pkg/pkginfo
config.status:931: creating apr-util.pc
config.status:931: creating apu-1-config
config.status:931: creating include/private/apu_select_dbm.h
config.status:931: creating include/apr_ldap.h
config.status:931: creating include/apu.h
config.status:931: creating include/apu_want.h
config.status:931: creating test/Makefile
config.status:931: creating include/private/apu_config.h
config.status:1111: executing default commands

## ---------------- ##
## Cache variables. ##
## ---------------- ##

ac_cv_build=sparc-sun-solaris2.10
ac_cv_c_compiler_gnu=yes
ac_cv_define_CODESET=yes
ac_cv_env_CC_set=
ac_cv_env_CC_value=
ac_cv_env_CFLAGS_set=
ac_cv_env_CFLAGS_value=
ac_cv_env_CPPFLAGS_set=
ac_cv_env_CPPFLAGS_value=
ac_cv_env_CPP_set=
ac_cv_env_CPP_value=
ac_cv_env_LDFLAGS_set=
ac_cv_env_LDFLAGS_value=
ac_cv_env_LIBS_set=
ac_cv_env_LIBS_value=
ac_cv_env_build_alias_set=
ac_cv_env_build_alias_value=
ac_cv_env_host_alias_set=
ac_cv_env_host_alias_value=
ac_cv_env_target_alias_set=
ac_cv_env_target_alias_value=
ac_cv_func_crypt_r=no
ac_cv_func_nl_langinfo=yes
ac_cv_header_freetds_sybdb_h=no
ac_cv_header_iconv_h=yes
ac_cv_header_inttypes_h=yes
ac_cv_header_langinfo_h=yes
ac_cv_header_libpq_fe_h=no
ac_cv_header_memory_h=yes
ac_cv_header_odbc_sql_h=no
ac_cv_header_postgresql_libpq_fe_h=no
ac_cv_header_sql_h=no
ac_cv_header_sqlite3_h=no
ac_cv_header_sqlite_h=no
ac_cv_header_stdc=yes
ac_cv_header_stdint_h=yes
ac_cv_header_stdlib_h=yes
ac_cv_header_string_h=yes
ac_cv_header_strings_h=yes
ac_cv_header_sybdb_h=no
ac_cv_header_sys_stat_h=yes
ac_cv_header_sys_types_h=yes
ac_cv_header_unistd_h=yes
ac_cv_host=sparc-sun-solaris2.10
ac_cv_mkdir_p=yes
ac_cv_objext=o
ac_cv_path_EGREP='/usr/xpg4/bin/grep -E'
ac_cv_path_GREP=/usr/xpg4/bin/grep
ac_cv_prog_CPP='gcc -E'
ac_cv_prog_ac_ct_CC=gcc
ac_cv_prog_cc_c89=
ac_cv_prog_cc_g=yes
ac_cv_search_crypt='none required'
ac_cv_search_fdatasync=-lrt
ac_cv_target=sparc-sun-solaris2.10
apu_cv_aprdso=yes
apu_cv_expat_1011=no
apu_cv_expat_debian=no
apu_cv_expat_freebsd=no
apu_cv_expat_system=no
apu_cv_expat_usrlocal=no

## ----------------- ##
## Output variables. ##
## ----------------- ##

APRUTIL_DOTTED_VERSION='1.4.1'
APRUTIL_EXPORT_LIBS='/home/scf-34/sakhalka/PHP/httpd-2.2.22/srclib/apr-util/xml/expat/libexpat.la'
APRUTIL_INCLUDES='-I/home/scf-34/sakhalka/PHP/httpd-2.2.22/srclib/apr-util/xml/expat/lib'
APRUTIL_LDFLAGS=''
APRUTIL_LIBNAME='aprutil-${APRUTIL_MAJOR_VERSION}'
APRUTIL_LIBS='/home/scf-34/sakhalka/PHP/httpd-2.2.22/srclib/apr-util/xml/expat/libexpat.la /home/scf-34/sakhalka/PHP/httpd-2.2.22/srclib/apr/libapr-1.la -luuid -lsendfile -lrt -lsocket -lnsl -lpthread'
APRUTIL_MAJOR_VERSION='1'
APRUTIL_PRIV_INCLUDES='-I/home/scf-34/sakhalka/PHP/httpd-2.2.22/srclib/apr-util/include -I/home/scf-34/sakhalka/PHP/httpd-2.2.22/srclib/apr-util/include/private'
APR_BUILD_DIR='/home/scf-34/sakhalka/PHP/httpd-2.2.22/srclib/apr/build'
APR_ICONV_DIR=''
APR_INCLUDES=' -I/home/scf-34/sakhalka/PHP/httpd-2.2.22/srclib/apr/include '
APR_LIBS=' /home/scf-34/sakhalka/PHP/httpd-2.2.22/srclib/apr/libapr-1.la -luuid -lsendfile -lrt -lsocket -lnsl  -lpthread'
APR_XML_DIR='xml/expat'
APU_CONFIG_LOCATION='source'
APU_DSO_LIBDIR='${libdir}/apr-util-1'
APU_HAVE_MODULES='no'
APU_LTVERSION='-version-info 4:1:4'
APU_MODULES=''
CC='gcc'
CFLAGS='-g -O2'
CPP='gcc -E'
CPPFLAGS=' -DSOLARIS2=10 -D_POSIX_PTHREAD_SEMANTICS -D_REENTRANT -D_LARGEFILE64_SOURCE'
DEFS='-DHAVE_CONFIG_H'
ECHO_C=''
ECHO_N='-n'
ECHO_T=''
EGREP='/usr/xpg4/bin/grep -E'
EXEEXT=''
EXTRA_OBJECTS=''
GREP='/usr/xpg4/bin/grep'
INCLUDE_OUTPUTS='include /home/scf-34/sakhalka/PHP/httpd-2.2.22/srclib/apr-util/build-outputs.mk'
INCLUDE_RULES='include /home/scf-34/sakhalka/PHP/httpd-2.2.22/srclib/apr-util/build/rules.mk'
INSTALL_DATA='${INSTALL} -m 644'
INSTALL_PROGRAM='${INSTALL}'
INSTALL_SCRIPT='${INSTALL}'
LDADD_crypto_nss=''
LDADD_crypto_openssl=''
LDADD_dbd_freetds=''
LDADD_dbd_mysql=''
LDADD_dbd_odbc=''
LDADD_dbd_oracle=''
LDADD_dbd_pgsql=''
LDADD_dbd_sqlite2=''
LDADD_dbd_sqlite3=''
LDADD_dbm_db=''
LDADD_dbm_gdbm=''
LDADD_dbm_ndbm=''
LDADD_ldap=''
LDFLAGS=''
LIBOBJS=''
LIBS='-lrt '
LTLIBOBJS=''
LT_NO_INSTALL='-no-install'
MYSQL_CONFIG=''
OBJEXT='o'
ODBC_CONFIG=''
PACKAGE_BUGREPORT=''
PACKAGE_NAME=''
PACKAGE_STRING=''
PACKAGE_TARNAME=''
PACKAGE_URL=''
PACKAGE_VERSION=''
PATH_SEPARATOR=':'
PGSQL_CONFIG=''
PKG_CONFIG=''
SHELL='/bin/bash'
abs_builddir='/home/scf-34/sakhalka/PHP/httpd-2.2.22/srclib/apr-util'
abs_srcdir='/home/scf-34/sakhalka/PHP/httpd-2.2.22/srclib/apr-util'
ac_ct_CC='gcc'
apr_shlibpath_var='LD_LIBRARY_PATH'
apu_db_header='db.h'
apu_db_version='0'
apu_dbd_tests=''
apu_has_ldap='0'
apu_has_ldap_microsoft='0'
apu_has_ldap_mozilla='0'
apu_has_ldap_netscape='0'
apu_has_ldap_novell='0'
apu_has_ldap_openldap='0'
apu_has_ldap_other='0'
apu_has_ldap_solaris='0'
apu_has_ldap_sslinit='0'
apu_has_ldap_start_tls_s='0'
apu_has_ldap_tivoli='0'
apu_has_ldap_zos='0'
apu_has_ldapssl_add_trusted_cert='0'
apu_has_ldapssl_client_deinit='0'
apu_has_ldapssl_client_init='0'
apu_has_ldapssl_init='0'
apu_has_ldapssl_install_routines='0'
apu_have_crypto='0'
apu_have_db='0'
apu_have_freetds='0'
apu_have_gdbm='0'
apu_have_mysql='0'
apu_have_ndbm='0'
apu_have_nss='0'
apu_have_odbc='0'
apu_have_openssl='0'
apu_have_oracle='0'
apu_have_pgsql='0'
apu_have_sdbm='1'
apu_have_sqlite2='0'
apu_have_sqlite3='0'
apu_use_db='0'
apu_use_gdbm='0'
apu_use_ndbm='0'
apu_use_sdbm='1'
bindir='${prefix}/bin'
build='sparc-sun-solaris2.10'
build_alias=''
build_cpu='sparc'
build_os='solaris2.10'
build_vendor='sun'
datadir='${prefix}'
datarootdir='${prefix}/share'
docdir='${datarootdir}/doc/${PACKAGE}'
dvidir='${docdir}'
exec_prefix='/home/scf-34/sakhalka/PHP/httpd-2.2.22'
have_apr_iconv='0'
have_iconv='1'
host='sparc-sun-solaris2.10'
host_alias=''
host_cpu='sparc'
host_os='solaris2.10'
host_vendor='sun'
htmldir='${docdir}'
includedir='/home/scf-34/sakhalka/PHP/httpd-2.2.22/include'
infodir='${datarootdir}/info'
lber_h=''
ldap_h=''
ldap_ssl_h=''
lib_target='-rpath $(libdir) $(OBJECTS)'
libdir='${prefix}/lib'
libexecdir='${exec_prefix}/modules'
localedir='${datarootdir}/locale'
localstatedir='${prefix}'
mandir='${prefix}/man'
oldincludedir='/usr/include'
pdfdir='${docdir}'
prefix='/home/scf-34/sakhalka/PHP/httpd-2.2.22'
program_transform_name='s,x,x,'
psdir='${docdir}'
sbindir='${exec_prefix}/bin'
sharedstatedir='${prefix}/com'
so_ext='lo'
sysconfdir='${prefix}/conf'
target='sparc-sun-solaris2.10'
target_alias=''
target_cpu='sparc'
target_os='solaris2.10'
target_vendor='sun'
top_builddir='/home/scf-34/sakhalka/PHP/httpd-2.2.22/srclib/apr-util'

## ----------- ##
## confdefs.h. ##
## ----------- ##

/* confdefs.h */
#define PACKAGE_NAME ""
#define PACKAGE_TARNAME ""
#define PACKAGE_VERSION ""
#define PACKAGE_STRING ""
#define PACKAGE_BUGREPORT ""
#define PACKAGE_URL ""
#define STDC_HEADERS 1
#define HAVE_SYS_TYPES_H 1
#define HAVE_SYS_STAT_H 1
#define HAVE_STDLIB_H 1
#define HAVE_STRING_H 1
#define HAVE_MEMORY_H 1
#define HAVE_STRINGS_H 1
#define HAVE_INTTYPES_H 1
#define HAVE_STDINT_H 1
#define HAVE_UNISTD_H 1
#define APU_ICONV_INBUF_CONST 1
#define HAVE_ICONV_H 1
#define HAVE_LANGINFO_H 1
#define HAVE_NL_LANGINFO 1
#define HAVE_CODESET 1
#define APU_DSO_BUILD 1
#define APU_CRYPT_THREADSAFE 1
#define APU_DSO_LIBDIR "/home/scf-34/sakhalka/PHP/httpd-2.2.22/lib/apr-util-1"

configure: exit 0
