This file contains any messages produced by compilers while
running configure, to aid debugging if configure makes a mistake.

It was created by expat configure 1.95.7, which was
generated by GNU Autoconf 2.64.  Invocation command line was

  $ /home/scf-34/sakhalka/PHP/httpd-2.2.22/srclib/apr-util/xml/expat/configure --disable-option-checking --disable-option-checking --cache-file=/dev/null --srcdir=/home/scf-34/sakhalka/PHP/httpd-2.2.22/srclib/apr-util --with-apr=../apr --prefix=/home/scf-34/sakhalka/PHP/httpd-2.2.22 --exec-prefix=/home/scf-34/sakhalka/PHP/httpd-2.2.22 --libdir=${prefix}/lib --includedir=/home/scf-34/sakhalka/PHP/httpd-2.2.22/include --bindir=${prefix}/bin --cache-file=/dev/null --srcdir=/home/scf-34/sakhalka/PHP/httpd-2.2.22/srclib/apr-util/xml/expat --prefix=/home/scf-34/sakhalka/PHP/httpd-2.2.22 --exec-prefix=/home/scf-34/sakhalka/PHP/httpd-2.2.22 --libdir=/home/scf-34/sakhalka/PHP/httpd-2.2.22/lib --includedir=/home/scf-34/sakhalka/PHP/httpd-2.2.22/include --bindir=/home/scf-34/sakhalka/PHP/httpd-2.2.22/bin

## --------- ##
## Platform. ##
## --------- ##

hostname = cs-server.usc.edu
uname -m = sun4v
uname -r = 5.10
uname -s = SunOS
uname -v = Generic_120011-14

/usr/bin/uname -p = sparc
/bin/uname -X     = System = SunOS
Node = cs-server.usc.edu
Release = 5.10
KernelID = Generic_120011-14
Machine = sun4v
BusType = <unknown>
Serial = <unknown>
Users = <unknown>
OEM# = 0
Origin# = 1
NumCPU = 64

/bin/arch              = sun4
/usr/bin/arch -k       = sun4v
/usr/convex/getsysinfo = unknown
/usr/bin/hostinfo      = unknown
/bin/machine           = unknown
/usr/bin/oslevel       = unknown
/bin/universe          = unknown

PATH: /usr/usc/tex/7.4.5/bin
PATH: /usr/local/bin
PATH: /usr/usc/bin
PATH: /usr/usc/X/bin
PATH: /usr/spac/bin
PATH: /usr/oldtools
PATH: /usr/ucs/bin
PATH: /usr/openwin/bin
PATH: /usr/ucb
PATH: /usr/ccs/bin
PATH: /usr/lsd/bin
PATH: /usr/bin
PATH: /usr/openwin/bin
PATH: /usr/ccs/bin
PATH: /usr/sbin
PATH: .


## ----------- ##
## Core tests. ##
## ----------- ##

configure:3078: checking build system type
configure:3092: result: sparc-sun-solaris2.10
configure:3112: checking host system type
configure:3125: result: sparc-sun-solaris2.10
configure:3145: checking target system type
configure:3158: result: sparc-sun-solaris2.10
configure:3315: checking for gcc
configure:3331: found /usr/usc/bin/gcc
configure:3342: result: gcc
configure:3571: checking for C compiler version
configure:3580: gcc --version >&5
gcc (GCC) 4.2.1
Copyright (C) 2007 Free Software Foundation, Inc.
This is free software; see the source for copying conditions.  There is NO
warranty; not even for MERCHANTABILITY or FITNESS FOR A PARTICULAR PURPOSE.

configure:3591: $? = 0
configure:3580: gcc -v >&5
Reading specs from /auto/usc/gnu/gcc/4.2.1/bin/../lib/gcc/sparc-sun-solaris2.10/4.2.1/specs
Target: sparc-sun-solaris2.10
Configured with: ./configure --prefix=/usr/usc/gnu/gcc/4.2.1 --without-gnu-ld --with-ld=/usr/ccs/bin/ld --enable-languages=c,c++
Thread model: posix
gcc version 4.2.1
configure:3591: $? = 0
configure:3580: gcc -V >&5
gcc: '-V' option must have argument
configure:3591: $? = 1
configure:3580: gcc -qversion >&5
gcc: unrecognized option '-qversion'
gcc: no input files
configure:3591: $? = 1
configure:3613: checking for C compiler default output file name
configure:3635: gcc    conftest.c  >&5
configure:3639: $? = 0
configure:3676: result: a.out
configure:3692: checking whether the C compiler works
configure:3701: ./a.out
configure:3705: $? = 0
configure:3720: result: yes
configure:3727: checking whether we are cross compiling
configure:3729: result: no
configure:3732: checking for suffix of executables
configure:3739: gcc -o conftest    conftest.c  >&5
configure:3743: $? = 0
configure:3765: result: 
configure:3771: checking for suffix of object files
configure:3793: gcc -c   conftest.c >&5
configure:3797: $? = 0
configure:3818: result: o
configure:3822: checking whether we are using the GNU C compiler
configure:3841: gcc -c   conftest.c >&5
configure:3841: $? = 0
configure:3850: result: yes
configure:3859: checking whether gcc accepts -g
configure:3879: gcc -c -g  conftest.c >&5
configure:3879: $? = 0
configure:3920: result: yes
configure:3937: checking for gcc option to accept ISO C89
configure:4001: gcc  -c -g -O2  conftest.c >&5
configure:4001: $? = 0
configure:4014: result: none needed
configure:4034: checking for a sed that does not truncate output
configure:4090: result: /usr/bin/sed
configure:4093: checking for grep that handles long lines and -e
configure:4151: result: /usr/xpg4/bin/grep
configure:4156: checking for egrep
configure:4218: result: /usr/xpg4/bin/grep -E
configure:4234: checking for ld used by gcc
configure:4301: result: /usr/ccs/bin/ld
configure:4308: checking if the linker (/usr/ccs/bin/ld) is GNU ld
configure:4323: result: no
configure:4328: checking for /usr/ccs/bin/ld option to reload object files
configure:4335: result: -r
configure:4353: checking for BSD-compatible nm
configure:4402: result: /usr/ccs/bin/nm -p
configure:4406: checking whether ln -s works
configure:4410: result: yes
configure:4417: checking how to recognize dependent libraries
configure:4603: result: pass_all
configure:4792: gcc -c -g -O2  conftest.c >&5
configure:4795: $? = 0
configure:5102: checking how to run the C preprocessor
configure:5133: gcc -E  conftest.c
configure:5133: $? = 0
configure:5147: gcc -E  conftest.c
conftest.c:9:28: error: ac_nonexistent.h: No such file or directory
configure:5147: $? = 1
configure: failed program was:
| /* confdefs.h */
| #define PACKAGE_NAME "expat"
| #define PACKAGE_TARNAME "expat"
| #define PACKAGE_VERSION "1.95.7"
| #define PACKAGE_STRING "expat 1.95.7"
| #define PACKAGE_BUGREPORT "expat-bugs@mail.libexpat.org"
| #define PACKAGE_URL ""
| /* end confdefs.h.  */
| #include <ac_nonexistent.h>
configure:5172: result: gcc -E
configure:5192: gcc -E  conftest.c
configure:5192: $? = 0
configure:5206: gcc -E  conftest.c
conftest.c:9:28: error: ac_nonexistent.h: No such file or directory
configure:5206: $? = 1
configure: failed program was:
| /* confdefs.h */
| #define PACKAGE_NAME "expat"
| #define PACKAGE_TARNAME "expat"
| #define PACKAGE_VERSION "1.95.7"
| #define PACKAGE_STRING "expat 1.95.7"
| #define PACKAGE_BUGREPORT "expat-bugs@mail.libexpat.org"
| #define PACKAGE_URL ""
| /* end confdefs.h.  */
| #include <ac_nonexistent.h>
configure:5235: checking for ANSI C header files
configure:5255: gcc -c -g -O2  conftest.c >&5
configure:5255: $? = 0
configure:5328: gcc -o conftest -g -O2   conftest.c  >&5
configure:5328: $? = 0
configure:5328: ./conftest
configure:5328: $? = 0
configure:5339: result: yes
configure:5352: checking for sys/types.h
configure:5352: gcc -c -g -O2  conftest.c >&5
configure:5352: $? = 0
configure:5352: result: yes
configure:5352: checking for sys/stat.h
configure:5352: gcc -c -g -O2  conftest.c >&5
configure:5352: $? = 0
configure:5352: result: yes
configure:5352: checking for stdlib.h
configure:5352: gcc -c -g -O2  conftest.c >&5
configure:5352: $? = 0
configure:5352: result: yes
configure:5352: checking for string.h
configure:5352: gcc -c -g -O2  conftest.c >&5
configure:5352: $? = 0
configure:5352: result: yes
configure:5352: checking for memory.h
configure:5352: gcc -c -g -O2  conftest.c >&5
configure:5352: $? = 0
configure:5352: result: yes
configure:5352: checking for strings.h
configure:5352: gcc -c -g -O2  conftest.c >&5
configure:5352: $? = 0
configure:5352: result: yes
configure:5352: checking for inttypes.h
configure:5352: gcc -c -g -O2  conftest.c >&5
configure:5352: $? = 0
configure:5352: result: yes
configure:5352: checking for stdint.h
configure:5352: gcc -c -g -O2  conftest.c >&5
configure:5352: $? = 0
configure:5352: result: yes
configure:5352: checking for unistd.h
configure:5352: gcc -c -g -O2  conftest.c >&5
configure:5352: $? = 0
configure:5352: result: yes
configure:5367: checking dlfcn.h usability
configure:5367: gcc -c -g -O2  conftest.c >&5
configure:5367: $? = 0
configure:5367: result: yes
configure:5367: checking dlfcn.h presence
configure:5367: gcc -E  conftest.c
configure:5367: $? = 0
configure:5367: result: yes
configure:5367: checking for dlfcn.h
configure:5367: result: yes
configure:5435: checking for g++
configure:5451: found /usr/usc/bin/g++
configure:5462: result: g++
configure:5489: checking for C++ compiler version
configure:5498: g++ --version >&5
g++ (GCC) 4.2.1
Copyright (C) 2007 Free Software Foundation, Inc.
This is free software; see the source for copying conditions.  There is NO
warranty; not even for MERCHANTABILITY or FITNESS FOR A PARTICULAR PURPOSE.

configure:5509: $? = 0
configure:5498: g++ -v >&5
Reading specs from /auto/usc/gnu/gcc/4.2.1/bin/../lib/gcc/sparc-sun-solaris2.10/4.2.1/specs
Target: sparc-sun-solaris2.10
Configured with: ./configure --prefix=/usr/usc/gnu/gcc/4.2.1 --without-gnu-ld --with-ld=/usr/ccs/bin/ld --enable-languages=c,c++
Thread model: posix
gcc version 4.2.1
configure:5509: $? = 0
configure:5498: g++ -V >&5
g++: '-V' option must have argument
configure:5509: $? = 1
configure:5498: g++ -qversion >&5
g++: unrecognized option '-qversion'
g++: no input files
configure:5509: $? = 1
configure:5513: checking whether we are using the GNU C++ compiler
configure:5532: g++ -c   conftest.cpp >&5
configure:5532: $? = 0
configure:5541: result: yes
configure:5550: checking whether g++ accepts -g
configure:5570: g++ -c -g  conftest.cpp >&5
configure:5570: $? = 0
configure:5611: result: yes
configure:5644: checking how to run the C++ preprocessor
configure:5671: g++ -E  conftest.cpp
configure:5671: $? = 0
configure:5685: g++ -E  conftest.cpp
conftest.cpp:20:28: error: ac_nonexistent.h: No such file or directory
configure:5685: $? = 1
configure: failed program was:
| /* confdefs.h */
| #define PACKAGE_NAME "expat"
| #define PACKAGE_TARNAME "expat"
| #define PACKAGE_VERSION "1.95.7"
| #define PACKAGE_STRING "expat 1.95.7"
| #define PACKAGE_BUGREPORT "expat-bugs@mail.libexpat.org"
| #define PACKAGE_URL ""
| #define STDC_HEADERS 1
| #define HAVE_SYS_TYPES_H 1
| #define HAVE_SYS_STAT_H 1
| #define HAVE_STDLIB_H 1
| #define HAVE_STRING_H 1
| #define HAVE_MEMORY_H 1
| #define HAVE_STRINGS_H 1
| #define HAVE_INTTYPES_H 1
| #define HAVE_STDINT_H 1
| #define HAVE_UNISTD_H 1
| #define HAVE_DLFCN_H 1
| /* end confdefs.h.  */
| #include <ac_nonexistent.h>
configure:5710: result: g++ -E
configure:5730: g++ -E  conftest.cpp
configure:5730: $? = 0
configure:5744: g++ -E  conftest.cpp
conftest.cpp:20:28: error: ac_nonexistent.h: No such file or directory
configure:5744: $? = 1
configure: failed program was:
| /* confdefs.h */
| #define PACKAGE_NAME "expat"
| #define PACKAGE_TARNAME "expat"
| #define PACKAGE_VERSION "1.95.7"
| #define PACKAGE_STRING "expat 1.95.7"
| #define PACKAGE_BUGREPORT "expat-bugs@mail.libexpat.org"
| #define PACKAGE_URL ""
| #define STDC_HEADERS 1
| #define HAVE_SYS_TYPES_H 1
| #define HAVE_SYS_STAT_H 1
| #define HAVE_STDLIB_H 1
| #define HAVE_STRING_H 1
| #define HAVE_MEMORY_H 1
| #define HAVE_STRINGS_H 1
| #define HAVE_INTTYPES_H 1
| #define HAVE_STDINT_H 1
| #define HAVE_UNISTD_H 1
| #define HAVE_DLFCN_H 1
| /* end confdefs.h.  */
| #include <ac_nonexistent.h>
configure:5828: checking for g77
configure:5858: result: no
configure:5828: checking for xlf
configure:5858: result: no
configure:5828: checking for f77
configure:5844: found /usr/spac/bin/f77
configure:5855: result: f77
configure:5881: checking for Fortran 77 compiler version
configure:5890: f77 --version >&5
NOTICE: Invoking /usr/spac/bin/f90 -f77 -ftrap=%none --version
f90: Warning: Option --version passed to ld, if ld is invoked, ignored otherwise
/usr/ccs/bin/ld: illegal option -- version
usage: ld [-6:abc:d:e:f:h:il:mo:p:rstu:z:B:CD:F:GI:L:M:N:P:Q:R:S:VY:?] file(s)
	[-64]		enforce a 64-bit link-edit
	[-a]		create an absolute file
	[-b]		do not do special PIC relocations in a.out
	[-B direct | nodirect]
			establish direct bindings, or inhibit direct binding
			to, the object being created
	[-B dynamic | static]
... rest of stderr output deleted ...
configure:5901: $? = 1
configure:5890: f77 -v >&5
NOTICE: Invoking /usr/spac/bin/f90 -f77 -ftrap=%none -v
###     command line files and options (expanded):
### -f77=%all -ftrap=%none -v 
Usage: f90 [ options ] files.  Use 'f90 -flags' for details
configure:5901: $? = 0
configure:5890: f77 -V >&5
NOTICE: Invoking /usr/spac/bin/f90 -f77 -ftrap=%none -V
f90: Forte Developer 7 Fortran 95 7.0 2002/03/09
Usage: f90 [ options ] files.  Use 'f90 -flags' for details
configure:5901: $? = 0
configure:5890: f77 -qversion >&5
NOTICE: Invoking /usr/spac/bin/f90 -f77 -ftrap=%none -qversion
f90: Warning: Option -qversion passed to ld, if ld is invoked, ignored otherwise
/usr/ccs/bin/ld: illegal option -- q
/usr/ccs/bin/ld: illegal option -- v
usage: ld [-6:abc:d:e:f:h:il:mo:p:rstu:z:B:CD:F:GI:L:M:N:P:Q:R:S:VY:?] file(s)
	[-64]		enforce a 64-bit link-edit
	[-a]		create an absolute file
	[-b]		do not do special PIC relocations in a.out
	[-B direct | nodirect]
			establish direct bindings, or inhibit direct binding
			to, the object being created
... rest of stderr output deleted ...
configure:5901: $? = 1
configure:5910: checking whether we are using the GNU Fortran 77 compiler
configure:5923: f77 -c  conftest.F >&5
NOTICE: Invoking /usr/spac/bin/f90 -f77 -ftrap=%none -c conftest.F
/tmp/fpp.19251.0.f:
 MAIN main:

       choke me
               ^
"conftest.F", Line = 3, Column = 16: ERROR: Unknown statement.  Expected assignment statement but found "EOS" instead of "=" or "=>".

f90comp: 6 SOURCE LINES
f90comp: 1 ERRORS, 0 WARNINGS, 0 OTHER MESSAGES, 0 ANSI
configure:5923: $? = 1
configure: failed program was:
|       program main
| #ifndef __GNUC__
|        choke me
| #endif
| 
|       end
configure:5932: result: no
configure:5938: checking whether f77 accepts -g
configure:5949: f77 -c -g conftest.f >&5
NOTICE: Invoking /usr/spac/bin/f90 -f77 -ftrap=%none -c -g conftest.f
conftest.f:
 MAIN main:
configure:5949: $? = 0
configure:5957: result: yes
configure:5990: checking the maximum length of command line arguments
configure:6102: result: 786240
configure:6114: checking command to parse /usr/ccs/bin/nm -p output from gcc object
configure:6219: gcc -c -g -O2  conftest.c >&5
configure:6222: $? = 0
configure:6226: /usr/ccs/bin/nm -p conftest.o \| sed -n -e 's/^.*[ 	]\([BDRT][BDRT]*\)[ 	][ 	]*\([_A-Za-z][_A-Za-z0-9]*\)$/\1 \2 \2/p' \> conftest.nm
configure:6229: $? = 0
configure:6281: gcc -o conftest -g -O2   conftest.c conftstm.o >&5
configure:6284: $? = 0
configure:6322: result: ok
configure:6326: checking for objdir
configure:6341: result: .libs
configure:6433: checking for ar
configure:6449: found /usr/ccs/bin/ar
configure:6460: result: ar
configure:6525: checking for ranlib
configure:6541: found /usr/usc/bin/ranlib
configure:6552: result: ranlib
configure:6617: checking for strip
configure:6633: found /usr/ccs/bin/strip
configure:6644: result: strip
configure:7209: checking if gcc supports -fno-rtti -fno-exceptions
configure:7227: gcc -c -g -O2  -fno-rtti -fno-exceptions conftest.c >&5
cc1: warning: command line option "-fno-rtti" is valid for C++/ObjC++ but not for C
configure:7231: $? = 0
configure:7244: result: no
configure:7259: checking for gcc option to produce PIC
configure:7491: result: -fPIC
configure:7499: checking if gcc PIC flag -fPIC works
configure:7517: gcc -c -g -O2  -fPIC -DPIC conftest.c >&5
configure:7521: $? = 0
configure:7534: result: yes
configure:7562: checking if gcc static flag -static works
configure:7590: result: no
configure:7600: checking if gcc supports -c -o file.o
configure:7621: gcc -c -g -O2  -o out/conftest2.o conftest.c >&5
configure:7625: $? = 0
configure:7647: result: yes
configure:7673: checking whether the gcc linker (/usr/ccs/bin/ld) supports shared libraries
configure:8599: result: yes
configure:8620: checking whether -lc should be explicitly linked in
configure:8625: gcc -c -g -O2  conftest.c >&5
configure:8628: $? = 0
configure:8643: gcc -shared -Wl,-h -Wl,conftest -o conftest conftest.o  -v 2\>\&1 \| grep  -lc  \>/dev/null 2\>\&1
configure:8646: $? = 1
configure:8658: result: yes
configure:8666: checking dynamic linker characteristics
configure:9270: result: solaris2.10 ld.so
configure:9294: checking how to hardcode library paths into programs
configure:9319: result: immediate
configure:9333: checking whether stripping libraries is possible
configure:9355: result: no
configure:9855: checking if libtool supports shared libraries
configure:9857: result: yes
configure:9860: checking whether to build shared libraries
configure:9881: result: yes
configure:9884: checking whether to build static libraries
configure:9888: result: yes
configure:9982: creating libtool
configure:10571: checking for ld used by g++
configure:10638: result: /usr/ccs/bin/ld
configure:10645: checking if the linker (/usr/ccs/bin/ld) is GNU ld
configure:10660: result: no
configure:10711: checking whether the g++ linker (/usr/ccs/bin/ld) supports shared libraries
configure:11603: result: yes
configure:11624: g++ -c -g -O2  conftest.cpp >&5
configure:11627: $? = 0
configure:11783: checking for g++ option to produce PIC
configure:12067: result: -fPIC
configure:12075: checking if g++ PIC flag -fPIC works
configure:12093: g++ -c -g -O2  -fPIC -DPIC conftest.cpp >&5
configure:12097: $? = 0
configure:12110: result: yes
configure:12138: checking if g++ static flag -static works
configure:12166: result: no
configure:12176: checking if g++ supports -c -o file.o
configure:12197: g++ -c -g -O2  -o out/conftest2.o conftest.cpp >&5
configure:12201: $? = 0
configure:12223: result: yes
configure:12249: checking whether the g++ linker (/usr/ccs/bin/ld) supports shared libraries
configure:12275: result: yes
configure:12342: checking dynamic linker characteristics
configure:12894: result: solaris2.10 ld.so
configure:12918: checking how to hardcode library paths into programs
configure:12943: result: immediate
NOTICE: Invoking /usr/spac/bin/f90 -f77 -ftrap=%none -c -g conftest.f
conftest.f:
	t:
NOTICE: Invoking /usr/spac/bin/f90 -f77 -ftrap=%none -o conftest -g conftest.f
conftest.f:
 MAIN t:
configure:13482: checking if libtool supports shared libraries
configure:13484: result: yes
configure:13487: checking whether to build shared libraries
configure:13507: result: yes
configure:13510: checking whether to build static libraries
configure:13514: result: yes
configure:13524: checking for f77 option to produce PIC
configure:13756: result: -fPIC
configure:13764: checking if f77 PIC flag -fPIC works
configure:13782: f77 -c -g -fPIC conftest.f >&5
NOTICE: Invoking /usr/spac/bin/f90 -f77 -ftrap=%none -c -g -fPIC conftest.f
conftest.f:
	t:
f90: Warning: Option -fPIC passed to ld, if ld is invoked, ignored otherwise
configure:13786: $? = 0
configure:13799: result: no
configure:13827: checking if f77 static flag -static works
NOTICE: Invoking /usr/spac/bin/f90 -f77 -ftrap=%none -o conftest -g -static conftest.f
conftest.f:
 MAIN t:
configure:13855: result: no
configure:13865: checking if f77 supports -c -o file.o
configure:13886: f77 -c -g -o out/conftest2.o conftest.f >&5
NOTICE: Invoking /usr/spac/bin/f90 -f77 -ftrap=%none -c -g -o out/conftest2.o conftest.f
conftest.f:
	t:
configure:13890: $? = 0
configure:13912: result: yes
configure:13938: checking whether the f77 linker (/usr/ccs/bin/ld) supports shared libraries
configure:14852: result: yes
configure:14919: checking dynamic linker characteristics
configure:15471: result: solaris2.10 ld.so
configure:15495: checking how to hardcode library paths into programs
configure:15520: result: immediate
configure:19123: checking for gcc
configure:19150: result: gcc
configure:19379: checking for C compiler version
configure:19388: gcc --version >&5
gcc (GCC) 4.2.1
Copyright (C) 2007 Free Software Foundation, Inc.
This is free software; see the source for copying conditions.  There is NO
warranty; not even for MERCHANTABILITY or FITNESS FOR A PARTICULAR PURPOSE.

configure:19399: $? = 0
configure:19388: gcc -v >&5
Reading specs from /auto/usc/gnu/gcc/4.2.1/bin/../lib/gcc/sparc-sun-solaris2.10/4.2.1/specs
Target: sparc-sun-solaris2.10
Configured with: ./configure --prefix=/usr/usc/gnu/gcc/4.2.1 --without-gnu-ld --with-ld=/usr/ccs/bin/ld --enable-languages=c,c++
Thread model: posix
gcc version 4.2.1
configure:19399: $? = 0
configure:19388: gcc -V >&5
gcc: '-V' option must have argument
configure:19399: $? = 1
configure:19388: gcc -qversion >&5
gcc: unrecognized option '-qversion'
gcc: no input files
configure:19399: $? = 1
configure:19403: checking whether we are using the GNU C compiler
configure:19431: result: yes
configure:19440: checking whether gcc accepts -g
configure:19501: result: yes
configure:19518: checking for gcc option to accept ISO C89
configure:19595: result: none needed
configure:19629: checking for a BSD-compatible install
configure:19697: result: conftools/install-sh -c
configure:19709: checking for ANSI C header files
configure:19813: result: yes
configure:19823: checking whether byte ordering is bigendian
configure:19838: gcc -c -g -O2  conftest.c >&5
conftest.c:22: error: expected '=', ',', ';', 'asm' or '__attribute__' before 'a'
configure:19838: $? = 1
configure: failed program was:
| /* confdefs.h */
| #define PACKAGE_NAME "expat"
| #define PACKAGE_TARNAME "expat"
| #define PACKAGE_VERSION "1.95.7"
| #define PACKAGE_STRING "expat 1.95.7"
| #define PACKAGE_BUGREPORT "expat-bugs@mail.libexpat.org"
| #define PACKAGE_URL ""
| #define STDC_HEADERS 1
| #define HAVE_SYS_TYPES_H 1
| #define HAVE_SYS_STAT_H 1
| #define HAVE_STDLIB_H 1
| #define HAVE_STRING_H 1
| #define HAVE_MEMORY_H 1
| #define HAVE_STRINGS_H 1
| #define HAVE_INTTYPES_H 1
| #define HAVE_STDINT_H 1
| #define HAVE_UNISTD_H 1
| #define HAVE_DLFCN_H 1
| #define STDC_HEADERS 1
| /* end confdefs.h.  */
| #ifndef __APPLE_CC__
| 	       not a universal capable compiler
| 	     #endif
| 	     typedef int dummy;
| 
configure:19883: gcc -c -g -O2  conftest.c >&5
conftest.c: In function 'main':
conftest.c:28: error: 'bogus' undeclared (first use in this function)
conftest.c:28: error: (Each undeclared identifier is reported only once
conftest.c:28: error: for each function it appears in.)
conftest.c:28: error: expected ';' before 'endian'
configure:19883: $? = 1
configure: failed program was:
| /* confdefs.h */
| #define PACKAGE_NAME "expat"
| #define PACKAGE_TARNAME "expat"
| #define PACKAGE_VERSION "1.95.7"
| #define PACKAGE_STRING "expat 1.95.7"
| #define PACKAGE_BUGREPORT "expat-bugs@mail.libexpat.org"
| #define PACKAGE_URL ""
| #define STDC_HEADERS 1
| #define HAVE_SYS_TYPES_H 1
| #define HAVE_SYS_STAT_H 1
| #define HAVE_STDLIB_H 1
| #define HAVE_STRING_H 1
| #define HAVE_MEMORY_H 1
| #define HAVE_STRINGS_H 1
| #define HAVE_INTTYPES_H 1
| #define HAVE_STDINT_H 1
| #define HAVE_UNISTD_H 1
| #define HAVE_DLFCN_H 1
| #define STDC_HEADERS 1
| /* end confdefs.h.  */
| #include <sys/types.h>
| 	     #include <sys/param.h>
| 
| int
| main ()
| {
| #if ! (defined BYTE_ORDER && defined BIG_ENDIAN 		     && defined LITTLE_ENDIAN && BYTE_ORDER && BIG_ENDIAN 		     && LITTLE_ENDIAN)
| 	      bogus endian macros
| 	     #endif
| 
|   ;
|   return 0;
| }
configure:19927: gcc -c -g -O2  conftest.c >&5
configure:19927: $? = 0
configure:19944: gcc -c -g -O2  conftest.c >&5
configure:19944: $? = 0
configure:20029: result: yes
configure:20052: checking for an ANSI C-conforming const
configure:20117: gcc -c -g -O2  conftest.c >&5
configure:20117: $? = 0
configure:20124: result: yes
configure:20132: checking for size_t
configure:20132: gcc -c -g -O2  conftest.c >&5
configure:20132: $? = 0
configure:20132: gcc -c -g -O2  conftest.c >&5
conftest.c: In function 'main':
conftest.c:58: error: expected expression before ')' token
configure:20132: $? = 1
configure: failed program was:
| /* confdefs.h */
| #define PACKAGE_NAME "expat"
| #define PACKAGE_TARNAME "expat"
| #define PACKAGE_VERSION "1.95.7"
| #define PACKAGE_STRING "expat 1.95.7"
| #define PACKAGE_BUGREPORT "expat-bugs@mail.libexpat.org"
| #define PACKAGE_URL ""
| #define STDC_HEADERS 1
| #define HAVE_SYS_TYPES_H 1
| #define HAVE_SYS_STAT_H 1
| #define HAVE_STDLIB_H 1
| #define HAVE_STRING_H 1
| #define HAVE_MEMORY_H 1
| #define HAVE_STRINGS_H 1
| #define HAVE_INTTYPES_H 1
| #define HAVE_STDINT_H 1
| #define HAVE_UNISTD_H 1
| #define HAVE_DLFCN_H 1
| #define STDC_HEADERS 1
| #define WORDS_BIGENDIAN 1
| /* end confdefs.h.  */
| #include <stdio.h>
| #ifdef HAVE_SYS_TYPES_H
| # include <sys/types.h>
| #endif
| #ifdef HAVE_SYS_STAT_H
| # include <sys/stat.h>
| #endif
| #ifdef STDC_HEADERS
| # include <stdlib.h>
| # include <stddef.h>
| #else
| # ifdef HAVE_STDLIB_H
| #  include <stdlib.h>
| # endif
| #endif
| #ifdef HAVE_STRING_H
| # if !defined STDC_HEADERS && defined HAVE_MEMORY_H
| #  include <memory.h>
| # endif
| # include <string.h>
| #endif
| #ifdef HAVE_STRINGS_H
| # include <strings.h>
| #endif
| #ifdef HAVE_INTTYPES_H
| # include <inttypes.h>
| #endif
| #ifdef HAVE_STDINT_H
| # include <stdint.h>
| #endif
| #ifdef HAVE_UNISTD_H
| # include <unistd.h>
| #endif
| int
| main ()
| {
| if (sizeof ((size_t)))
| 	    return 0;
|   ;
|   return 0;
| }
configure:20132: result: yes
configure:20146: checking for memmove
configure:20146: gcc -o conftest -g -O2   conftest.c  >&5
conftest.c:45: warning: conflicting types for built-in function 'memmove'
configure:20146: $? = 0
configure:20146: result: yes
configure:20146: checking for bcopy
configure:20146: gcc -o conftest -g -O2   conftest.c  >&5
conftest.c:46: warning: conflicting types for built-in function 'bcopy'
configure:20146: $? = 0
configure:20146: result: yes
configure:20159: checking check.h usability
configure:20159: gcc -c -g -O2  conftest.c >&5
conftest.c:57:19: error: check.h: No such file or directory
configure:20159: $? = 1
configure: failed program was:
| /* confdefs.h */
| #define PACKAGE_NAME "expat"
| #define PACKAGE_TARNAME "expat"
| #define PACKAGE_VERSION "1.95.7"
| #define PACKAGE_STRING "expat 1.95.7"
| #define PACKAGE_BUGREPORT "expat-bugs@mail.libexpat.org"
| #define PACKAGE_URL ""
| #define STDC_HEADERS 1
| #define HAVE_SYS_TYPES_H 1
| #define HAVE_SYS_STAT_H 1
| #define HAVE_STDLIB_H 1
| #define HAVE_STRING_H 1
| #define HAVE_MEMORY_H 1
| #define HAVE_STRINGS_H 1
| #define HAVE_INTTYPES_H 1
| #define HAVE_STDINT_H 1
| #define HAVE_UNISTD_H 1
| #define HAVE_DLFCN_H 1
| #define STDC_HEADERS 1
| #define WORDS_BIGENDIAN 1
| #define HAVE_MEMMOVE 1
| #define HAVE_BCOPY 1
| /* end confdefs.h.  */
| #include <stdio.h>
| #ifdef HAVE_SYS_TYPES_H
| # include <sys/types.h>
| #endif
| #ifdef HAVE_SYS_STAT_H
| # include <sys/stat.h>
| #endif
| #ifdef STDC_HEADERS
| # include <stdlib.h>
| # include <stddef.h>
| #else
| # ifdef HAVE_STDLIB_H
| #  include <stdlib.h>
| # endif
| #endif
| #ifdef HAVE_STRING_H
| # if !defined STDC_HEADERS && defined HAVE_MEMORY_H
| #  include <memory.h>
| # endif
| # include <string.h>
| #endif
| #ifdef HAVE_STRINGS_H
| # include <strings.h>
| #endif
| #ifdef HAVE_INTTYPES_H
| # include <inttypes.h>
| #endif
| #ifdef HAVE_STDINT_H
| # include <stdint.h>
| #endif
| #ifdef HAVE_UNISTD_H
| # include <unistd.h>
| #endif
| #include <check.h>
configure:20159: result: no
configure:20159: checking check.h presence
configure:20159: gcc -E  conftest.c
conftest.c:24:19: error: check.h: No such file or directory
configure:20159: $? = 1
configure: failed program was:
| /* confdefs.h */
| #define PACKAGE_NAME "expat"
| #define PACKAGE_TARNAME "expat"
| #define PACKAGE_VERSION "1.95.7"
| #define PACKAGE_STRING "expat 1.95.7"
| #define PACKAGE_BUGREPORT "expat-bugs@mail.libexpat.org"
| #define PACKAGE_URL ""
| #define STDC_HEADERS 1
| #define HAVE_SYS_TYPES_H 1
| #define HAVE_SYS_STAT_H 1
| #define HAVE_STDLIB_H 1
| #define HAVE_STRING_H 1
| #define HAVE_MEMORY_H 1
| #define HAVE_STRINGS_H 1
| #define HAVE_INTTYPES_H 1
| #define HAVE_STDINT_H 1
| #define HAVE_UNISTD_H 1
| #define HAVE_DLFCN_H 1
| #define STDC_HEADERS 1
| #define WORDS_BIGENDIAN 1
| #define HAVE_MEMMOVE 1
| #define HAVE_BCOPY 1
| /* end confdefs.h.  */
| #include <check.h>
configure:20159: result: no
configure:20159: checking for check.h
configure:20159: result: no
configure:20285: creating ./config.status

## ---------------------- ##
## Running config.status. ##
## ---------------------- ##

This file was extended by expat config.status 1.95.7, which was
generated by GNU Autoconf 2.64.  Invocation command line was

  CONFIG_FILES    = 
  CONFIG_HEADERS  = 
  CONFIG_LINKS    = 
  CONFIG_COMMANDS = 
  $ ./config.status 

on cs-server.usc.edu

config.status:842: creating Makefile
config.status:842: creating expat_config.h

## ---------------- ##
## Cache variables. ##
## ---------------- ##

ac_cv_build=sparc-sun-solaris2.10
ac_cv_c_bigendian=yes
ac_cv_c_compiler_gnu=yes
ac_cv_c_const=yes
ac_cv_cxx_compiler_gnu=yes
ac_cv_env_CCC_set=
ac_cv_env_CCC_value=
ac_cv_env_CC_set=
ac_cv_env_CC_value=
ac_cv_env_CFLAGS_set=
ac_cv_env_CFLAGS_value=
ac_cv_env_CPPFLAGS_set=
ac_cv_env_CPPFLAGS_value=
ac_cv_env_CPP_set=
ac_cv_env_CPP_value=
ac_cv_env_CXXCPP_set=
ac_cv_env_CXXCPP_value=
ac_cv_env_CXXFLAGS_set=
ac_cv_env_CXXFLAGS_value=
ac_cv_env_CXX_set=
ac_cv_env_CXX_value=
ac_cv_env_F77_set=
ac_cv_env_F77_value=
ac_cv_env_FFLAGS_set=
ac_cv_env_FFLAGS_value=
ac_cv_env_LDFLAGS_set=
ac_cv_env_LDFLAGS_value=
ac_cv_env_LIBS_set=
ac_cv_env_LIBS_value=
ac_cv_env_build_alias_set=
ac_cv_env_build_alias_value=
ac_cv_env_host_alias_set=
ac_cv_env_host_alias_value=
ac_cv_env_target_alias_set=
ac_cv_env_target_alias_value=
ac_cv_f77_compiler_gnu=no
ac_cv_func_bcopy=yes
ac_cv_func_memmove=yes
ac_cv_header_check_h=no
ac_cv_header_dlfcn_h=yes
ac_cv_header_inttypes_h=yes
ac_cv_header_memory_h=yes
ac_cv_header_stdc=yes
ac_cv_header_stdint_h=yes
ac_cv_header_stdlib_h=yes
ac_cv_header_string_h=yes
ac_cv_header_strings_h=yes
ac_cv_header_sys_stat_h=yes
ac_cv_header_sys_types_h=yes
ac_cv_header_unistd_h=yes
ac_cv_host=sparc-sun-solaris2.10
ac_cv_objext=o
ac_cv_path_EGREP='/usr/xpg4/bin/grep -E'
ac_cv_path_GREP=/usr/xpg4/bin/grep
ac_cv_prog_CPP='gcc -E'
ac_cv_prog_CXXCPP='g++ -E'
ac_cv_prog_ac_ct_AR=ar
ac_cv_prog_ac_ct_CC=gcc
ac_cv_prog_ac_ct_CXX=g++
ac_cv_prog_ac_ct_F77=f77
ac_cv_prog_ac_ct_RANLIB=ranlib
ac_cv_prog_ac_ct_STRIP=strip
ac_cv_prog_cc_c89=
ac_cv_prog_cc_g=yes
ac_cv_prog_cxx_g=yes
ac_cv_prog_f77_g=yes
ac_cv_target=sparc-sun-solaris2.10
ac_cv_type_size_t=yes
lt_cv_deplibs_check_method=pass_all
lt_cv_file_magic_cmd='$MAGIC_CMD'
lt_cv_file_magic_test_file=
lt_cv_ld_reload_flag=-r
lt_cv_objdir=.libs
lt_cv_path_LD=/usr/ccs/bin/ld
lt_cv_path_LDCXX=/usr/ccs/bin/ld
lt_cv_path_NM='/usr/ccs/bin/nm -p'
lt_cv_path_SED=/usr/bin/sed
lt_cv_prog_compiler_c_o=yes
lt_cv_prog_compiler_c_o_CXX=yes
lt_cv_prog_compiler_c_o_F77=yes
lt_cv_prog_compiler_pic_works=yes
lt_cv_prog_compiler_pic_works_CXX=yes
lt_cv_prog_compiler_pic_works_F77=no
lt_cv_prog_compiler_rtti_exceptions=no
lt_cv_prog_compiler_static_works=no
lt_cv_prog_compiler_static_works_CXX=no
lt_cv_prog_compiler_static_works_F77=no
lt_cv_prog_gnu_ld=no
lt_cv_prog_gnu_ldcxx=no
lt_cv_sys_global_symbol_pipe='sed -n -e '\''s/^.*[ 	]\([BDRT][BDRT]*\)[ 	][ 	]*\([_A-Za-z][_A-Za-z0-9]*\)$/\1 \2 \2/p'\'''
lt_cv_sys_global_symbol_to_c_name_address='sed -n -e '\''s/^: \([^ ]*\) $/  {\"\1\", (lt_ptr) 0},/p'\'' -e '\''s/^[BCDEGRST] \([^ ]*\) \([^ ]*\)$/  {"\2", (lt_ptr) \&\2},/p'\'''
lt_cv_sys_global_symbol_to_cdecl='sed -n -e '\''s/^. .* \(.*\)$/extern int \1;/p'\'''
lt_cv_sys_lib_dlsearch_path_spec='/lib /usr/lib'
lt_cv_sys_lib_search_path_spec='/auto/usc/gnu/gcc/4.2.1/lib/gcc/sparc-sun-solaris2.10/4.2.1 /auto/usc/gnu/gcc/4.2.1/lib/gcc /usr/usc/gnu/gcc/4.2.1/lib/gcc/sparc-sun-solaris2.10/4.2.1 /usr/ccs/lib /auto/usc/gnu/gcc/4.2.1/lib /usr/usc/gnu/gcc/4.2.1/lib /lib /usr/lib'
lt_cv_sys_max_cmd_len=786240
lt_lt_cv_prog_compiler_c_o='"yes"'
lt_lt_cv_prog_compiler_c_o_CXX='"yes"'
lt_lt_cv_prog_compiler_c_o_F77='"yes"'
lt_lt_cv_sys_global_symbol_pipe='"sed -n -e '\''s/^.*[ 	]\\([BDRT][BDRT]*\\)[ 	][ 	]*\\([_A-Za-z][_A-Za-z0-9]*\\)\$/\\1 \\2 \\2/p'\''"'
lt_lt_cv_sys_global_symbol_to_c_name_address='"sed -n -e '\''s/^: \\([^ ]*\\) \$/  {\\\"\\1\\\", (lt_ptr) 0},/p'\'' -e '\''s/^[BCDEGRST] \\([^ ]*\\) \\([^ ]*\\)\$/  {\"\\2\", (lt_ptr) \\&\\2},/p'\''"'
lt_lt_cv_sys_global_symbol_to_cdecl='"sed -n -e '\''s/^. .* \\(.*\\)\$/extern int \\1;/p'\''"'

## ----------------- ##
## Output variables. ##
## ----------------- ##

AR='ar'
AS='as'
CC='gcc'
CFLAGS='-g -O2'
CPP='gcc -E'
CPPFLAGS=''
CXX='g++'
CXXCPP='g++ -E'
CXXFLAGS='-g -O2'
DEFS='-DHAVE_CONFIG_H'
DLLTOOL='dlltool'
DSYMUTIL=''
ECHO='echo'
ECHO_C=''
ECHO_N='-n'
ECHO_T=''
EGREP='/usr/xpg4/bin/grep -E'
EXEEXT=''
F77='f77'
FFLAGS='-g'
GREP='/usr/xpg4/bin/grep'
INSTALL_DATA='${INSTALL} -m 644'
INSTALL_PROGRAM='${INSTALL}'
INSTALL_SCRIPT='${INSTALL}'
LDFLAGS=''
LIBAGE='5'
LIBCURRENT='5'
LIBOBJS=''
LIBREVISION='0'
LIBS=''
LIBTOOL='$(SHELL) $(top_builddir)/libtool'
LN_S='ln -s'
LTLIBOBJS=''
NMEDIT=''
OBJDUMP='objdump'
OBJEXT='o'
PACKAGE_BUGREPORT='expat-bugs@mail.libexpat.org'
PACKAGE_NAME='expat'
PACKAGE_STRING='expat 1.95.7'
PACKAGE_TARNAME='expat'
PACKAGE_URL=''
PACKAGE_VERSION='1.95.7'
PATH_SEPARATOR=':'
RANLIB='ranlib'
SED='/usr/bin/sed'
SHELL='/bin/bash'
STRIP='strip'
ac_ct_CC='gcc'
ac_ct_CXX='g++'
ac_ct_F77='f77'
bindir='/home/scf-34/sakhalka/PHP/httpd-2.2.22/bin'
build='sparc-sun-solaris2.10'
build_alias=''
build_cpu='sparc'
build_os='solaris2.10'
build_vendor='sun'
datadir='${datarootdir}'
datarootdir='${prefix}/share'
docdir='${datarootdir}/doc/${PACKAGE_TARNAME}'
dvidir='${docdir}'
exec_prefix='/home/scf-34/sakhalka/PHP/httpd-2.2.22'
host='sparc-sun-solaris2.10'
host_alias=''
host_cpu='sparc'
host_os='solaris2.10'
host_vendor='sun'
htmldir='${docdir}'
includedir='/home/scf-34/sakhalka/PHP/httpd-2.2.22/include'
infodir='${datarootdir}/info'
libdir='/home/scf-34/sakhalka/PHP/httpd-2.2.22/lib'
libexecdir='${exec_prefix}/libexec'
localedir='${datarootdir}/locale'
localstatedir='${prefix}/var'
mandir='${datarootdir}/man'
oldincludedir='/usr/include'
pdfdir='${docdir}'
prefix='/home/scf-34/sakhalka/PHP/httpd-2.2.22'
program_transform_name='s,x,x,'
psdir='${docdir}'
sbindir='${exec_prefix}/sbin'
sharedstatedir='${prefix}/com'
sysconfdir='${prefix}/etc'
target='sparc-sun-solaris2.10'
target_alias=''
target_cpu='sparc'
target_os='solaris2.10'
target_vendor='sun'

## ----------- ##
## confdefs.h. ##
## ----------- ##

/* confdefs.h */
#define PACKAGE_NAME "expat"
#define PACKAGE_TARNAME "expat"
#define PACKAGE_VERSION "1.95.7"
#define PACKAGE_STRING "expat 1.95.7"
#define PACKAGE_BUGREPORT "expat-bugs@mail.libexpat.org"
#define PACKAGE_URL ""
#define STDC_HEADERS 1
#define HAVE_SYS_TYPES_H 1
#define HAVE_SYS_STAT_H 1
#define HAVE_STDLIB_H 1
#define HAVE_STRING_H 1
#define HAVE_MEMORY_H 1
#define HAVE_STRINGS_H 1
#define HAVE_INTTYPES_H 1
#define HAVE_STDINT_H 1
#define HAVE_UNISTD_H 1
#define HAVE_DLFCN_H 1
#define STDC_HEADERS 1
#define WORDS_BIGENDIAN 1
#define HAVE_MEMMOVE 1
#define HAVE_BCOPY 1
#define XML_NS 1
#define XML_DTD 1
#define XML_CONTEXT_BYTES 1024

configure: exit 0
