This file contains any messages produced by compilers while
running configure, to aid debugging if configure makes a mistake.

It was created by configure, which was
generated by GNU Autoconf 2.64.  Invocation command line was

  $ /home/scf-34/sakhalka/PHP/httpd-2.2.22/srclib/pcre/configure --disable-option-checking --prefix=/home/scf-34/sakhalka/PHP/httpd-2.2.22 --cache-file=/dev/null --srcdir=/home/scf-34/sakhalka/PHP/httpd-2.2.22/srclib/pcre --prefix=/home/scf-34/sakhalka/PHP/httpd-2.2.22 --exec-prefix=/home/scf-34/sakhalka/PHP/httpd-2.2.22 --libdir=${prefix}/lib --includedir=/home/scf-34/sakhalka/PHP/httpd-2.2.22/include --bindir=${prefix}/bin

## --------- ##
## Platform. ##
## --------- ##

hostname = cs-server.usc.edu
uname -m = sun4v
uname -r = 5.10
uname -s = SunOS
uname -v = Generic_120011-14

/usr/bin/uname -p = sparc
/bin/uname -X     = System = SunOS
Node = cs-server.usc.edu
Release = 5.10
KernelID = Generic_120011-14
Machine = sun4v
BusType = <unknown>
Serial = <unknown>
Users = <unknown>
OEM# = 0
Origin# = 1
NumCPU = 64

/bin/arch              = sun4
/usr/bin/arch -k       = sun4v
/usr/convex/getsysinfo = unknown
/usr/bin/hostinfo      = unknown
/bin/machine           = unknown
/usr/bin/oslevel       = unknown
/bin/universe          = unknown

PATH: /usr/usc/tex/7.4.5/bin
PATH: /usr/local/bin
PATH: /usr/usc/bin
PATH: /usr/usc/X/bin
PATH: /usr/spac/bin
PATH: /usr/oldtools
PATH: /usr/ucs/bin
PATH: /usr/openwin/bin
PATH: /usr/ucb
PATH: /usr/ccs/bin
PATH: /usr/lsd/bin
PATH: /usr/bin
PATH: /usr/openwin/bin
PATH: /usr/ccs/bin
PATH: /usr/sbin
PATH: .


## ----------- ##
## Core tests. ##
## ----------- ##

configure:2220: checking for gcc
configure:2247: result: gcc
configure:2476: checking for C compiler version
configure:2485: gcc --version >&5
gcc (GCC) 4.2.1
Copyright (C) 2007 Free Software Foundation, Inc.
This is free software; see the source for copying conditions.  There is NO
warranty; not even for MERCHANTABILITY or FITNESS FOR A PARTICULAR PURPOSE.

configure:2496: $? = 0
configure:2485: gcc -v >&5
Reading specs from /auto/usc/gnu/gcc/4.2.1/bin/../lib/gcc/sparc-sun-solaris2.10/4.2.1/specs
Target: sparc-sun-solaris2.10
Configured with: ./configure --prefix=/usr/usc/gnu/gcc/4.2.1 --without-gnu-ld --with-ld=/usr/ccs/bin/ld --enable-languages=c,c++
Thread model: posix
gcc version 4.2.1
configure:2496: $? = 0
configure:2485: gcc -V >&5
gcc: '-V' option must have argument
configure:2496: $? = 1
configure:2485: gcc -qversion >&5
gcc: unrecognized option '-qversion'
gcc: no input files
configure:2496: $? = 1
configure:2518: checking for C compiler default output file name
configure:2540: gcc    conftest.c  >&5
configure:2544: $? = 0
configure:2581: result: a.out
configure:2597: checking whether the C compiler works
configure:2606: ./a.out
configure:2610: $? = 0
configure:2625: result: yes
configure:2632: checking whether we are cross compiling
configure:2634: result: no
configure:2637: checking for suffix of executables
configure:2644: gcc -o conftest    conftest.c  >&5
configure:2648: $? = 0
configure:2670: result: 
configure:2676: checking for suffix of object files
configure:2698: gcc -c   conftest.c >&5
configure:2702: $? = 0
configure:2723: result: o
configure:2727: checking whether we are using the GNU C compiler
configure:2746: gcc -c   conftest.c >&5
configure:2746: $? = 0
configure:2755: result: yes
configure:2764: checking whether gcc accepts -g
configure:2784: gcc -c -g  conftest.c >&5
configure:2784: $? = 0
configure:2825: result: yes
configure:2842: checking for gcc option to accept ISO C89
configure:2906: gcc  -c -g -O2  conftest.c >&5
configure:2906: $? = 0
configure:2919: result: none needed
configure:2947: checking how to run the C preprocessor
configure:3017: result: gcc -E
configure:3037: gcc -E  conftest.c
configure:3037: $? = 0
configure:3051: gcc -E  conftest.c
conftest.c:9:28: error: ac_nonexistent.h: No such file or directory
configure:3051: $? = 1
configure: failed program was:
| /* confdefs.h */
| #define PACKAGE_NAME ""
| #define PACKAGE_TARNAME ""
| #define PACKAGE_VERSION ""
| #define PACKAGE_STRING ""
| #define PACKAGE_BUGREPORT ""
| #define PACKAGE_URL ""
| /* end confdefs.h.  */
| #include <ac_nonexistent.h>
configure:3080: checking for grep that handles long lines and -e
configure:3138: result: /usr/xpg4/bin/grep
configure:3143: checking for egrep
configure:3205: result: /usr/xpg4/bin/grep -E
configure:3210: checking for ANSI C header files
configure:3230: gcc -c -g -O2  conftest.c >&5
configure:3230: $? = 0
configure:3303: gcc -o conftest -g -O2   conftest.c  >&5
configure:3303: $? = 0
configure:3303: ./conftest
configure:3303: $? = 0
configure:3314: result: yes
configure:3327: checking for sys/types.h
configure:3327: gcc -c -g -O2  conftest.c >&5
configure:3327: $? = 0
configure:3327: result: yes
configure:3327: checking for sys/stat.h
configure:3327: gcc -c -g -O2  conftest.c >&5
configure:3327: $? = 0
configure:3327: result: yes
configure:3327: checking for stdlib.h
configure:3327: gcc -c -g -O2  conftest.c >&5
configure:3327: $? = 0
configure:3327: result: yes
configure:3327: checking for string.h
configure:3327: gcc -c -g -O2  conftest.c >&5
configure:3327: $? = 0
configure:3327: result: yes
configure:3327: checking for memory.h
configure:3327: gcc -c -g -O2  conftest.c >&5
configure:3327: $? = 0
configure:3327: result: yes
configure:3327: checking for strings.h
configure:3327: gcc -c -g -O2  conftest.c >&5
configure:3327: $? = 0
configure:3327: result: yes
configure:3327: checking for inttypes.h
configure:3327: gcc -c -g -O2  conftest.c >&5
configure:3327: $? = 0
configure:3327: result: yes
configure:3327: checking for stdint.h
configure:3327: gcc -c -g -O2  conftest.c >&5
configure:3327: $? = 0
configure:3327: result: yes
configure:3327: checking for unistd.h
configure:3327: gcc -c -g -O2  conftest.c >&5
configure:3327: $? = 0
configure:3327: result: yes
configure:3342: checking limits.h usability
configure:3342: gcc -c -g -O2  conftest.c >&5
configure:3342: $? = 0
configure:3342: result: yes
configure:3342: checking limits.h presence
configure:3342: gcc -E  conftest.c
configure:3342: $? = 0
configure:3342: result: yes
configure:3342: checking for limits.h
configure:3342: result: yes
configure:3354: checking for an ANSI C-conforming const
configure:3419: gcc -c -g -O2  conftest.c >&5
configure:3419: $? = 0
configure:3426: result: yes
configure:3434: checking for size_t
configure:3434: gcc -c -g -O2  conftest.c >&5
configure:3434: $? = 0
configure:3434: gcc -c -g -O2  conftest.c >&5
conftest.c: In function 'main':
conftest.c:56: error: expected expression before ')' token
configure:3434: $? = 1
configure: failed program was:
| /* confdefs.h */
| #define PACKAGE_NAME ""
| #define PACKAGE_TARNAME ""
| #define PACKAGE_VERSION ""
| #define PACKAGE_STRING ""
| #define PACKAGE_BUGREPORT ""
| #define PACKAGE_URL ""
| #define STDC_HEADERS 1
| #define HAVE_SYS_TYPES_H 1
| #define HAVE_SYS_STAT_H 1
| #define HAVE_STDLIB_H 1
| #define HAVE_STRING_H 1
| #define HAVE_MEMORY_H 1
| #define HAVE_STRINGS_H 1
| #define HAVE_INTTYPES_H 1
| #define HAVE_STDINT_H 1
| #define HAVE_UNISTD_H 1
| #define HAVE_LIMITS_H 1
| /* end confdefs.h.  */
| #include <stdio.h>
| #ifdef HAVE_SYS_TYPES_H
| # include <sys/types.h>
| #endif
| #ifdef HAVE_SYS_STAT_H
| # include <sys/stat.h>
| #endif
| #ifdef STDC_HEADERS
| # include <stdlib.h>
| # include <stddef.h>
| #else
| # ifdef HAVE_STDLIB_H
| #  include <stdlib.h>
| # endif
| #endif
| #ifdef HAVE_STRING_H
| # if !defined STDC_HEADERS && defined HAVE_MEMORY_H
| #  include <memory.h>
| # endif
| # include <string.h>
| #endif
| #ifdef HAVE_STRINGS_H
| # include <strings.h>
| #endif
| #ifdef HAVE_INTTYPES_H
| # include <inttypes.h>
| #endif
| #ifdef HAVE_STDINT_H
| # include <stdint.h>
| #endif
| #ifdef HAVE_UNISTD_H
| # include <unistd.h>
| #endif
| int
| main ()
| {
| if (sizeof ((size_t)))
| 	    return 0;
|   ;
|   return 0;
| }
configure:3434: result: yes
configure:3450: checking for bcopy
configure:3450: gcc -o conftest -g -O2   conftest.c  >&5
conftest.c:43: warning: conflicting types for built-in function 'bcopy'
configure:3450: $? = 0
configure:3450: result: yes
configure:3450: checking for memmove
configure:3450: gcc -o conftest -g -O2   conftest.c  >&5
conftest.c:44: warning: conflicting types for built-in function 'memmove'
configure:3450: $? = 0
configure:3450: result: yes
configure:3450: checking for strerror
configure:3450: gcc -o conftest -g -O2   conftest.c  >&5
configure:3450: $? = 0
configure:3450: result: yes
configure:3704: creating ./config.status

## ---------------------- ##
## Running config.status. ##
## ---------------------- ##

This file was extended by config.status, which was
generated by GNU Autoconf 2.64.  Invocation command line was

  CONFIG_FILES    = 
  CONFIG_HEADERS  = 
  CONFIG_LINKS    = 
  CONFIG_COMMANDS = 
  $ ./config.status 

on cs-server.usc.edu

config.status:830: creating Makefile
config.status:830: creating pcre.h
config.status:830: creating pcre-config
config.status:830: creating config.h
config.status:1005: executing default commands

## ---------------- ##
## Cache variables. ##
## ---------------- ##

ac_cv_c_compiler_gnu=yes
ac_cv_c_const=yes
ac_cv_env_CC_set=set
ac_cv_env_CC_value=gcc
ac_cv_env_CFLAGS_set=
ac_cv_env_CFLAGS_value=
ac_cv_env_CPPFLAGS_set=
ac_cv_env_CPPFLAGS_value=
ac_cv_env_CPP_set=set
ac_cv_env_CPP_value='gcc -E'
ac_cv_env_LDFLAGS_set=
ac_cv_env_LDFLAGS_value=
ac_cv_env_LIBS_set=
ac_cv_env_LIBS_value=
ac_cv_env_build_alias_set=
ac_cv_env_build_alias_value=
ac_cv_env_host_alias_set=
ac_cv_env_host_alias_value=
ac_cv_env_target_alias_set=
ac_cv_env_target_alias_value=
ac_cv_func_bcopy=yes
ac_cv_func_memmove=yes
ac_cv_func_strerror=yes
ac_cv_header_inttypes_h=yes
ac_cv_header_limits_h=yes
ac_cv_header_memory_h=yes
ac_cv_header_stdc=yes
ac_cv_header_stdint_h=yes
ac_cv_header_stdlib_h=yes
ac_cv_header_string_h=yes
ac_cv_header_strings_h=yes
ac_cv_header_sys_stat_h=yes
ac_cv_header_sys_types_h=yes
ac_cv_header_unistd_h=yes
ac_cv_objext=o
ac_cv_path_EGREP='/usr/xpg4/bin/grep -E'
ac_cv_path_GREP=/usr/xpg4/bin/grep
ac_cv_prog_CPP='gcc -E'
ac_cv_prog_ac_ct_CC=gcc
ac_cv_prog_cc_c89=
ac_cv_prog_cc_g=yes
ac_cv_type_size_t=yes

## ----------------- ##
## Output variables. ##
## ----------------- ##

BUILD_EXEEXT=''
BUILD_OBJEXT=''
CC='gcc'
CC_FOR_BUILD=''
CFLAGS='-g -O2'
CFLAGS_FOR_BUILD=''
CPP='gcc -E'
CPPFLAGS=''
DEFS='-DHAVE_CONFIG_H'
EBCDIC=''
ECHO_C=''
ECHO_N='-n'
ECHO_T=''
EGREP='/usr/xpg4/bin/grep -E'
EXEEXT=''
GREP='/usr/xpg4/bin/grep'
HAVE_MEMMOVE=''
HAVE_STRERROR=''
LDFLAGS=''
LIBOBJS=''
LIBS=''
LIBSUFFIX='la'
LIBTOOL='./libtool'
LINK_SIZE=''
LTLIBOBJS=''
MATCH_LIMIT=''
NEWLINE=''
NO_RECURSE=''
OBJEXT='o'
PACKAGE_BUGREPORT=''
PACKAGE_NAME=''
PACKAGE_STRING=''
PACKAGE_TARNAME=''
PACKAGE_URL=''
PACKAGE_VERSION=''
PATH_SEPARATOR=':'
PCRE_DATE='13-Sep-2004'
PCRE_LIB_VERSION='0:1:0'
PCRE_MAJOR='5'
PCRE_MINOR='0'
PCRE_POSIXLIB_VERSION='0:0:0'
PCRE_VERSION='5.0'
POSIX_MALLOC_THRESHOLD='-DPOSIX_MALLOC_THRESHOLD=10'
SHELL='/bin/bash'
UCP=''
UTF8=''
ac_ct_CC='gcc'
bindir='${prefix}/bin'
build_alias=''
datadir='${datarootdir}'
datarootdir='${prefix}/share'
docdir='${datarootdir}/doc/${PACKAGE}'
dvidir='${docdir}'
exec_prefix='/home/scf-34/sakhalka/PHP/httpd-2.2.22'
host_alias=''
htmldir='${docdir}'
includedir='/home/scf-34/sakhalka/PHP/httpd-2.2.22/include'
infodir='${datarootdir}/info'
libdir='${prefix}/lib'
libexecdir='${exec_prefix}/libexec'
localedir='${datarootdir}/locale'
localstatedir='${prefix}/var'
mandir='${datarootdir}/man'
oldincludedir='/usr/include'
pdfdir='${docdir}'
prefix='/home/scf-34/sakhalka/PHP/httpd-2.2.22'
program_transform_name='s,x,x,'
psdir='${docdir}'
sbindir='${exec_prefix}/sbin'
sharedstatedir='${prefix}/com'
sysconfdir='${prefix}/etc'
target_alias=''

## ----------- ##
## confdefs.h. ##
## ----------- ##

/* confdefs.h */
#define PACKAGE_NAME ""
#define PACKAGE_TARNAME ""
#define PACKAGE_VERSION ""
#define PACKAGE_STRING ""
#define PACKAGE_BUGREPORT ""
#define PACKAGE_URL ""
#define STDC_HEADERS 1
#define HAVE_SYS_TYPES_H 1
#define HAVE_SYS_STAT_H 1
#define HAVE_STDLIB_H 1
#define HAVE_STRING_H 1
#define HAVE_MEMORY_H 1
#define HAVE_STRINGS_H 1
#define HAVE_INTTYPES_H 1
#define HAVE_STDINT_H 1
#define HAVE_UNISTD_H 1
#define HAVE_LIMITS_H 1
#define HAVE_BCOPY 1
#define HAVE_MEMMOVE 1
#define HAVE_STRERROR 1

configure: exit 0
